2025-04-12 00:29:29,726 - INFO - Found 59 subjects for spectral verification.
2025-04-12 00:29:30,385 - INFO - Saved spectral verification figure to x:\ArtifactRemovalProject\data\interim\DOSEESC_EM01\09.20.2017\07_uniqueid\spectral_verification_20250412_002930.png
2025-04-12 00:29:31,054 - INFO - Saved spectral verification figure to x:\ArtifactRemovalProject\data\interim\DOSEESC_EM01\10.16.2017\07_uniqueid\spectral_verification_20250412_002930.png
2025-04-12 00:29:31,650 - INFO - Saved spectral verification figure to x:\ArtifactRemovalProject\data\interim\DOSEESC_EM02\10.19.2017\07_uniqueid\spectral_verification_20250412_002931.png
2025-04-12 00:29:32,224 - INFO - Saved spectral verification figure to x:\ArtifactRemovalProject\data\interim\DOSEESC_EM02\11.14.2017\07_uniqueid\spectral_verification_20250412_002932.png
2025-04-12 00:29:32,794 - INFO - Saved spectral verification figure to x:\ArtifactRemovalProject\data\interim\DOSEESC_EM03\12.12.2017\07_uniqueid\spectral_verification_20250412_002932.png
2025-04-12 00:29:33,323 - INFO - Saved spectral verification figure to x:\ArtifactRemovalProject\data\interim\DOSEESC_EM04\01.10.2018\07_uniqueid\spectral_verification_20250412_002933.png
2025-04-12 00:29:33,826 - INFO - Saved spectral verification figure to x:\ArtifactRemovalProject\data\interim\DOSEESC_EM04\02.07.2018\07_uniqueid\spectral_verification_20250412_002933.png
2025-04-12 00:29:34,234 - INFO - Saved spectral verification figure to x:\ArtifactRemovalProject\data\interim\DOSEESC_UM02\01.22.2018\07_uniqueid\spectral_verification_20250412_002934.png
2025-04-12 00:29:34,740 - INFO - Saved spectral verification figure to x:\ArtifactRemovalProject\data\interim\DOSEESC_EM05\01.31.2018\07_uniqueid\spectral_verification_20250412_002934.png
2025-04-12 00:29:35,381 - INFO - Saved spectral verification figure to x:\ArtifactRemovalProject\data\interim\DOSEESC_EM05\02.23.2018\07_uniqueid\spectral_verification_20250412_002935.png
2025-04-12 00:29:35,979 - INFO - Saved spectral verification figure to x:\ArtifactRemovalProject\data\interim\DOSEESC_UM03\02.05.2018\07_uniqueid\spectral_verification_20250412_002935.png
2025-04-12 00:29:36,458 - INFO - Saved spectral verification figure to x:\ArtifactRemovalProject\data\interim\DOSEESC_UM03\02.28.2018\07_uniqueid\spectral_verification_20250412_002936.png
2025-04-12 00:29:37,090 - INFO - Saved spectral verification figure to x:\ArtifactRemovalProject\data\interim\DOSEESC_EM06\03.19.2018\07_uniqueid\spectral_verification_20250412_002936.png
2025-04-12 00:29:37,672 - INFO - Saved spectral verification figure to x:\ArtifactRemovalProject\data\interim\DOSEESC_EM06\04.13.2018\07_uniqueid\spectral_verification_20250412_002937.png
2025-04-12 00:29:38,466 - INFO - Saved spectral verification figure to x:\ArtifactRemovalProject\data\interim\DOSEESC_UM04\03.28.2018\07_uniqueid\spectral_verification_20250412_002937.png
2025-04-12 00:29:38,898 - INFO - Saved spectral verification figure to x:\ArtifactRemovalProject\data\interim\DOSEESC_UM04\04.18.2018\07_uniqueid\spectral_verification_20250412_002938.png
2025-04-12 00:29:39,386 - INFO - Saved spectral verification figure to x:\ArtifactRemovalProject\data\interim\DOSEESC_UM05\05.02.2018\07_uniqueid\spectral_verification_20250412_002939.png
2025-04-12 00:29:39,838 - INFO - Saved spectral verification figure to x:\ArtifactRemovalProject\data\interim\DOSEESC_UM05\05.30.2018\07_uniqueid\spectral_verification_20250412_002939.png
2025-04-12 00:29:40,508 - INFO - Saved spectral verification figure to x:\ArtifactRemovalProject\data\interim\DOSEESC_JH01\05.18.2018\07_uniqueid\spectral_verification_20250412_002940.png
2025-04-12 00:29:40,984 - INFO - Saved spectral verification figure to x:\ArtifactRemovalProject\data\interim\DOSEESC_JH02\05.22.2018\07_uniqueid\spectral_verification_20250412_002940.png
2025-04-12 00:29:41,446 - INFO - Saved spectral verification figure to x:\ArtifactRemovalProject\data\interim\DOSEESC_JH02\06.18.2018\07_uniqueid\spectral_verification_20250412_002941.png
2025-04-12 00:29:41,980 - INFO - Saved spectral verification figure to x:\ArtifactRemovalProject\data\interim\DOSEESC_JH03\07.06.2018\07_uniqueid\spectral_verification_20250412_002941.png
2025-04-12 00:29:42,509 - INFO - Saved spectral verification figure to x:\ArtifactRemovalProject\data\interim\DOSEESC_JH03\08.03.2018\07_uniqueid\spectral_verification_20250412_002942.png
2025-04-12 00:29:42,946 - INFO - Saved spectral verification figure to x:\ArtifactRemovalProject\data\interim\DOSEESC_JH04\07.06.2018\07_uniqueid\spectral_verification_20250412_002942.png
2025-04-12 00:29:43,417 - INFO - Saved spectral verification figure to x:\ArtifactRemovalProject\data\interim\DOSEESC_UM06\05.23.2018\07_uniqueid\spectral_verification_20250412_002943.png
2025-04-12 00:29:43,891 - INFO - Saved spectral verification figure to x:\ArtifactRemovalProject\data\interim\DOSEESC_UM06\06.18.2018\07_uniqueid\spectral_verification_20250412_002943.png
2025-04-12 00:29:44,367 - INFO - Saved spectral verification figure to x:\ArtifactRemovalProject\data\interim\DOSEESC_UM07\06.11.2018\07_uniqueid\spectral_verification_20250412_002944.png
2025-04-12 00:29:44,775 - INFO - Saved spectral verification figure to x:\ArtifactRemovalProject\data\interim\DOSEESC_UM07\07.09.2018\07_uniqueid\spectral_verification_20250412_002944.png
2025-04-12 00:29:45,269 - INFO - Saved spectral verification figure to x:\ArtifactRemovalProject\data\interim\DOSEESC_UM08\06.13.2018\07_uniqueid\spectral_verification_20250412_002945.png
2025-04-12 00:29:46,012 - INFO - Saved spectral verification figure to x:\ArtifactRemovalProject\data\interim\DOSEESC_UM08\07.11.2018\07_uniqueid\spectral_verification_20250412_002945.png
2025-04-12 00:29:46,565 - INFO - Saved spectral verification figure to x:\ArtifactRemovalProject\data\interim\DOSEESC_EM07\06.20.2018\07_uniqueid\spectral_verification_20250412_002946.png
2025-04-12 00:29:47,023 - INFO - Saved spectral verification figure to x:\ArtifactRemovalProject\data\interim\DOSEESC_EM07\07.16.2018\07_uniqueid\spectral_verification_20250412_002946.png
2025-04-12 00:29:47,476 - INFO - Saved spectral verification figure to x:\ArtifactRemovalProject\data\interim\DOSEESC_EM07\06.26.2018\07_uniqueid\spectral_verification_20250412_002947.png
2025-04-12 00:29:47,934 - INFO - Saved spectral verification figure to x:\ArtifactRemovalProject\data\interim\DOSEESC_UM09\06.20.2018\07_uniqueid\spectral_verification_20250412_002947.png
2025-04-12 00:29:48,352 - INFO - Saved spectral verification figure to x:\ArtifactRemovalProject\data\interim\DOSEESC_UM09\07.16.2018\07_uniqueid\spectral_verification_20250412_002948.png
2025-04-12 00:29:48,827 - INFO - Saved spectral verification figure to x:\ArtifactRemovalProject\data\interim\DOSEESC_UM09_70\06.20.2018\07_uniqueid\spectral_verification_20250412_002948.png
2025-04-12 00:29:48,981 - WARNING - No spectral data available for subject DOSEESC_UM10, study 07/11/2018
2025-04-12 00:29:48,982 - ERROR - Spectral data file does not exist for subject DOSEESC_UM10, study 08/20/2018
2025-04-12 00:29:49,511 - INFO - Saved spectral verification figure to x:\ArtifactRemovalProject\data\interim\DOSEESC_UM13\08.22.2018\07_uniqueid\spectral_verification_20250412_002949.png
2025-04-12 00:29:49,967 - INFO - Saved spectral verification figure to x:\ArtifactRemovalProject\data\interim\DOSEESC_UM13\09.17.2018\07_uniqueid\spectral_verification_20250412_002949.png
2025-04-12 00:29:50,024 - ERROR - Spectral data file does not exist for subject DOSEESC_JH07, study 08/27/2018
2025-04-12 00:29:50,451 - INFO - Saved spectral verification figure to x:\ArtifactRemovalProject\data\interim\DOSEESC_JH07\09.20.2018\07_uniqueid\spectral_verification_20250412_002950.png
2025-04-12 00:29:50,921 - INFO - Saved spectral verification figure to x:\ArtifactRemovalProject\data\interim\DOSEESC_UM14\10.01.2018\07_uniqueid\spectral_verification_20250412_002950.png
2025-04-12 00:29:51,326 - INFO - Saved spectral verification figure to x:\ArtifactRemovalProject\data\interim\DOSEESC_UM14\10.22.2018\07_uniqueid\spectral_verification_20250412_002951.png
2025-04-12 00:29:51,888 - INFO - Saved spectral verification figure to x:\ArtifactRemovalProject\data\interim\DOSEESC_UM15\10.31.2018\07_uniqueid\spectral_verification_20250412_002951.png
2025-04-12 00:29:52,375 - INFO - Saved spectral verification figure to x:\ArtifactRemovalProject\data\interim\DOSEESC_UM15\11.28.2018\07_uniqueid\spectral_verification_20250412_002952.png
2025-04-12 00:29:52,828 - INFO - Saved spectral verification figure to x:\ArtifactRemovalProject\data\interim\DOSEESC_EM08\11.02.2018\07_uniqueid\spectral_verification_20250412_002952.png
2025-04-12 00:29:53,702 - INFO - Saved spectral verification figure to x:\ArtifactRemovalProject\data\interim\DOSEESC_UM16\11.14.2018\07_uniqueid\spectral_verification_20250412_002953.png
2025-04-12 00:29:54,262 - INFO - Saved spectral verification figure to x:\ArtifactRemovalProject\data\interim\DOSEESC_UM16\12.05.2018\07_uniqueid\spectral_verification_20250412_002954.png
2025-04-12 00:29:54,725 - INFO - Saved spectral verification figure to x:\ArtifactRemovalProject\data\interim\DOSEESC_EM09\11.20.2018\07_uniqueid\spectral_verification_20250412_002954.png
2025-04-12 00:29:55,167 - INFO - Saved spectral verification figure to x:\ArtifactRemovalProject\data\interim\DOSEESC_EM09\12.17.2018\07_uniqueid\spectral_verification_20250412_002954.png
2025-04-12 00:29:55,910 - INFO - Saved spectral verification figure to x:\ArtifactRemovalProject\data\interim\DOSEESC_JH10\12.05.2018\07_uniqueid\spectral_verification_20250412_002955.png
2025-04-12 00:29:56,686 - INFO - Saved spectral verification figure to x:\ArtifactRemovalProject\data\interim\DOSEESC_JH10\12.28.2018\07_uniqueid\spectral_verification_20250412_002956.png
2025-04-12 00:29:57,147 - INFO - Saved spectral verification figure to x:\ArtifactRemovalProject\data\interim\DOSEESC_EM10\12.20.2018\07_uniqueid\spectral_verification_20250412_002956.png
2025-04-12 00:29:57,599 - INFO - Saved spectral verification figure to x:\ArtifactRemovalProject\data\interim\DOSEESC_EM10\01.16.2019\07_uniqueid\spectral_verification_20250412_002957.png
2025-04-12 00:29:58,108 - INFO - Saved spectral verification figure to x:\ArtifactRemovalProject\data\interim\DOSEESC_EM11\01.03.2019\07_uniqueid\spectral_verification_20250412_002957.png
2025-04-12 00:29:58,591 - INFO - Saved spectral verification figure to x:\ArtifactRemovalProject\data\interim\DOSEESC_EM11\01.24.2019\07_uniqueid\spectral_verification_20250412_002958.png
2025-04-12 00:29:59,005 - INFO - Saved spectral verification figure to x:\ArtifactRemovalProject\data\interim\DOSEESC_UM17\01.07.2019\07_uniqueid\spectral_verification_20250412_002958.png
2025-04-12 00:29:59,574 - INFO - Saved spectral verification figure to x:\ArtifactRemovalProject\data\interim\DOSEESC_UM18\01.23.2019\07_uniqueid\spectral_verification_20250412_002959.png
2025-04-12 00:30:00,104 - INFO - Saved spectral verification figure to x:\ArtifactRemovalProject\data\interim\DOSEESC_UM18\02.18.2019\07_uniqueid\spectral_verification_20250412_002959.png
2025-04-12 00:30:00,680 - INFO - Saved spectral verification figure to x:\ArtifactRemovalProject\data\interim\DOSEESC_EM12\01.25.2019\07_uniqueid\spectral_verification_20250412_003000.png
2025-04-12 00:30:01,143 - INFO - Saved spectral verification figure to x:\ArtifactRemovalProject\data\interim\DOSEESC_EM12\03.07.2019\07_uniqueid\spectral_verification_20250412_003000.png
2025-04-12 00:30:01,640 - INFO - Saved spectral verification figure to x:\ArtifactRemovalProject\data\interim\DOSEESC_EM12\02.12.2019\07_uniqueid\spectral_verification_20250412_003001.png
2025-04-12 00:30:02,216 - INFO - Saved spectral verification figure to x:\ArtifactRemovalProject\data\interim\DOSEESC_EM13\03.01.2019\07_uniqueid\spectral_verification_20250412_003001.png
2025-04-12 00:30:03,238 - INFO - Saved spectral verification figure to x:\ArtifactRemovalProject\data\interim\DOSEESC_EM13\03.20.2019\07_uniqueid\spectral_verification_20250412_003003.png
2025-04-12 00:30:03,760 - INFO - Saved spectral verification figure to x:\ArtifactRemovalProject\data\interim\DOSEESC_UM20\04.24.2019\07_uniqueid\spectral_verification_20250412_003003.png
2025-04-12 00:30:03,762 - ERROR - Spectral data file does not exist for subject DOSEESC_UM20, study 05/20/2019
2025-04-12 00:30:04,337 - INFO - Saved spectral verification figure to x:\ArtifactRemovalProject\data\interim\DOSEESC_UM21\05.01.2019\07_uniqueid\spectral_verification_20250412_003004.png
2025-04-12 00:30:04,992 - INFO - Saved spectral verification figure to x:\ArtifactRemovalProject\data\interim\DOSEESC_EM14\05.22.2019\07_uniqueid\spectral_verification_20250412_003004.png
2025-04-12 00:30:05,694 - INFO - Saved spectral verification figure to x:\ArtifactRemovalProject\data\interim\DOSEESC_EM14\06.10.2019\07_uniqueid\spectral_verification_20250412_003005.png
2025-04-12 00:30:06,328 - INFO - Saved spectral verification figure to x:\ArtifactRemovalProject\data\interim\DOSEESC_EM15\06.11.2019\07_uniqueid\spectral_verification_20250412_003006.png
2025-04-12 00:30:06,809 - INFO - Saved spectral verification figure to x:\ArtifactRemovalProject\data\interim\DOSEESC_EM15\07.02.2019\07_uniqueid\spectral_verification_20250412_003006.png
2025-04-12 00:30:07,352 - INFO - Saved spectral verification figure to x:\ArtifactRemovalProject\data\interim\rGBM_001_02_27_2023\02.27.2023\07_uniqueid\spectral_verification_20250412_003007.png
2025-04-12 00:30:07,851 - INFO - Saved spectral verification figure to x:\ArtifactRemovalProject\data\interim\rGBM_001_04_21_2023\04.21.2023\07_uniqueid\spectral_verification_20250412_003007.png
2025-04-12 00:30:08,426 - INFO - Saved spectral verification figure to x:\ArtifactRemovalProject\data\interim\rGBM_001_06_30_2023\06.30.2023\07_uniqueid\spectral_verification_20250412_003008.png
2025-04-12 00:30:09,095 - INFO - Saved spectral verification figure to x:\ArtifactRemovalProject\data\interim\rGBM_001_08_30_2023\08.30.2023\07_uniqueid\spectral_verification_20250412_003008.png
2025-04-12 00:30:09,866 - INFO - Saved spectral verification figure to x:\ArtifactRemovalProject\data\interim\rGBM_002_04_28_2023\04.28.2023\07_uniqueid\spectral_verification_20250412_003009.png
2025-04-12 00:30:10,460 - INFO - Saved spectral verification figure to x:\ArtifactRemovalProject\data\interim\rGBM_003_04_24_2023\04.24.2023\07_uniqueid\spectral_verification_20250412_003010.png
2025-04-12 00:30:10,971 - INFO - Saved spectral verification figure to x:\ArtifactRemovalProject\data\interim\rGBM_004_09_22_2023\09.22.2023\07_uniqueid\spectral_verification_20250412_003010.png
2025-04-12 00:30:11,533 - INFO - Saved spectral verification figure to x:\ArtifactRemovalProject\data\interim\rGBM_005_08_18_2023\08.18.2023\07_uniqueid\spectral_verification_20250412_003011.png
2025-04-12 00:30:12,119 - INFO - Saved spectral verification figure to x:\ArtifactRemovalProject\data\interim\rGBM_006_04_03_2023\04.03.2023\07_uniqueid\spectral_verification_20250412_003011.png
2025-04-12 00:30:12,629 - INFO - Saved spectral verification figure to x:\ArtifactRemovalProject\data\interim\rGBM_006_05_24_2023\05.24.2023\07_uniqueid\spectral_verification_20250412_003012.png
2025-04-12 00:30:13,124 - INFO - Saved spectral verification figure to x:\ArtifactRemovalProject\data\interim\rGBM_006_08_01_2023\08.01.2023\07_uniqueid\spectral_verification_20250412_003012.png
2025-04-12 00:30:13,750 - INFO - Saved spectral verification figure to x:\ArtifactRemovalProject\data\interim\rGBM_007_05_30_2023\05.30.2023\07_uniqueid\spectral_verification_20250412_003013.png
2025-04-12 00:30:14,185 - INFO - Saved spectral verification figure to x:\ArtifactRemovalProject\data\interim\wholeGBM_001_05_26_2023\05.26.2023\07_uniqueid\spectral_verification_20250412_003013.png
2025-04-12 00:30:14,628 - INFO - Saved spectral verification figure to x:\ArtifactRemovalProject\data\interim\wholeGBM_001_07_26_2023\07.26.2023\07_uniqueid\spectral_verification_20250412_003014.png
2025-04-12 00:30:15,692 - INFO - Saved spectral verification figure to x:\ArtifactRemovalProject\data\interim\wholeGBM_002_03_10_2023\03.10.2023\07_uniqueid\spectral_verification_20250412_003015.png
2025-04-12 00:30:16,233 - INFO - Saved spectral verification figure to x:\ArtifactRemovalProject\data\interim\wholeGBM_002_04_13_2023\04.13.2023\07_uniqueid\spectral_verification_20250412_003016.png
2025-04-12 00:30:16,722 - INFO - Saved spectral verification figure to x:\ArtifactRemovalProject\data\interim\wholeGBM_003_06_14_2023\06.14.2023\07_uniqueid\spectral_verification_20250412_003016.png
2025-04-12 00:30:17,192 - INFO - Saved spectral verification figure to x:\ArtifactRemovalProject\data\interim\wholeGBM_004_03_10_2023\03.10.2023\07_uniqueid\spectral_verification_20250412_003016.png
2025-04-12 00:30:17,649 - INFO - Saved spectral verification figure to x:\ArtifactRemovalProject\data\interim\wholeGBM_004_04_19_2023\04.19.2023\07_uniqueid\spectral_verification_20250412_003017.png
2025-04-12 00:30:18,115 - INFO - Saved spectral verification figure to x:\ArtifactRemovalProject\data\interim\wholeGBM_004_07_03_2023\07.03.2023\07_uniqueid\spectral_verification_20250412_003017.png
