2025-04-16 16:11:22,746 - INFO - CSV files found: ['x:\\ArtifactRemovalProject\\data\\ratings\\individual_csv\\unique_ids_group_25_20250411_202222_raters_completed_Mellon.csv', 'x:\\ArtifactRemovalProject\\data\\ratings\\individual_csv\\unique_ids_group_25_20250411_202222_raters_completed_Poptani.csv', 'x:\\ArtifactRemovalProject\\data\\ratings\\individual_csv\\unique_ids_group_25_20250411_202222_raters_completed_Sheriff.csv', 'x:\\ArtifactRemovalProject\\data\\ratings\\individual_csv\\unique_ids_group_25_20250411_202222_raters_completed_Shim.csv']
2025-04-16 16:11:22,747 - INFO - Cleaning 'Poor Quality' labels in individual CSVs…
2025-04-16 16:11:22,771 - WARNING - 2 'Poor Quality' labels found in x:\ArtifactRemovalProject\data\ratings\individual_csv\unique_ids_group_25_20250411_202222_raters_completed_Mellon.csv; recoding to 'Unacceptable'
2025-04-16 16:11:22,822 - INFO - Saved cleaned CSV: x:\ArtifactRemovalProject\data\ratings\individual_csv\unique_ids_group_25_20250411_202222_raters_completed_Mellon.csv
2025-04-16 16:11:22,846 - INFO - No 'Poor Quality' labels in x:\ArtifactRemovalProject\data\ratings\individual_csv\unique_ids_group_25_20250411_202222_raters_completed_Poptani.csv
2025-04-16 16:11:22,865 - WARNING - 4 'Poor Quality' labels found in x:\ArtifactRemovalProject\data\ratings\individual_csv\unique_ids_group_25_20250411_202222_raters_completed_Sheriff.csv; recoding to 'Unacceptable'
2025-04-16 16:11:22,889 - INFO - Saved cleaned CSV: x:\ArtifactRemovalProject\data\ratings\individual_csv\unique_ids_group_25_20250411_202222_raters_completed_Sheriff.csv
2025-04-16 16:11:22,908 - INFO - No 'Poor Quality' labels in x:\ArtifactRemovalProject\data\ratings\individual_csv\unique_ids_group_25_20250411_202222_raters_completed_Shim.csv
2025-04-16 16:11:22,955 - INFO - Combined CSV file preview:
2025-04-16 16:11:22,959 - INFO - 
          name                                    unique_id      rating              time completed  time taken
0  Eric Mellon  wholeGBM_002_03_10_2023_03.10.2023_23_32_26  Acceptable  2025-04-14T18:43:48.316252    4.141049
1  Eric Mellon             DOSEESC_EM04_02.07.2018_15_29_20  Acceptable  2025-04-14T18:43:53.663860    4.388558
2  Eric Mellon             DOSEESC_EM15_06.11.2019_18_37_44  Acceptable  2025-04-14T18:44:03.650818    8.481008
3  Eric Mellon             DOSEESC_UM15_11.28.2018_18_48_28  Acceptable  2025-04-14T18:44:08.792374    3.918319
4  Eric Mellon             DOSEESC_UM15_10.31.2018_18_41_32  Acceptable  2025-04-14T18:44:15.863613    5.504175
2025-04-16 16:11:23,981 - INFO - Aggregated Ratings (first few rows):
2025-04-16 16:11:23,984 - INFO - 
                          unique_id      rating_1    rating_2 rating_3     consensus                            raters
0  DOSEESC_EM01_09.20.2017_10_18_34    Acceptable        None     None    Acceptable                  [Harish Poptani]
1  DOSEESC_EM01_09.20.2017_10_21_33    Acceptable        None     None    Acceptable                  [Harish Poptani]
2  DOSEESC_EM01_09.20.2017_10_23_23    Acceptable        None     None    Acceptable                     [Eric Mellon]
3  DOSEESC_EM01_09.20.2017_10_26_26  Unacceptable  Acceptable     None  Unacceptable  [Sulaiman Sheriff, Hyunsuk Shim]
4  DOSEESC_EM01_09.20.2017_10_31_23    Acceptable        None     None    Acceptable                     [Eric Mellon]
2025-04-16 16:11:23,986 - INFO - No 'Poor Quality' consensus labels found.
2025-04-16 16:11:24,032 - INFO - Aggregated spectral ratings saved to 'x:\ArtifactRemovalProject\data\ratings\aggregate_data\aggregated_spectral_ratings.csv'
2025-04-16 16:11:24,033 - INFO - Starting verification of aggregated ratings.
2025-04-16 16:11:27,168 - INFO - Verification succeeded: All aggregated ratings match the original CSV data.
2025-04-16 16:11:27,169 - INFO - Verification succeeded: All aggregated ratings match the individual CSV data.
2025-04-16 16:11:30,212 - INFO - Loading spectral data from pickle file: x:\ArtifactRemovalProject\data\processed\20250411_202222\unique_ids_group_25_20250411_202222_raters.pkl
2025-04-16 16:11:30,683 - INFO - Spectral data loaded successfully.
2025-04-16 16:11:30,684 - INFO - Loading aggregated CSV data from: x:\ArtifactRemovalProject\data\ratings\aggregate_data\aggregated_spectral_ratings.csv
2025-04-16 16:11:30,711 - INFO - Aggregated CSV loaded with 5257 rows.
2025-04-16 16:11:30,716 - INFO - Consensus mapping created successfully.
2025-04-16 16:11:30,717 - INFO - Updating spectral data with consensus ratings.
2025-04-16 16:11:30,718 - WARNING - No consensus rating found for Unique ID DOSEESC_UM03_02.05.2018_21_32_28; set to None.
2025-04-16 16:11:30,719 - WARNING - No consensus rating found for Unique ID DOSEESC_UM03_02.28.2018_15_33_28; set to None.
2025-04-16 16:11:30,720 - WARNING - No consensus rating found for Unique ID DOSEESC_JH02_06.18.2018_18_33_19; set to None.
2025-04-16 16:11:30,721 - WARNING - No consensus rating found for Unique ID DOSEESC_UM03_02.28.2018_14_30_29; set to None.
2025-04-16 16:11:30,722 - WARNING - No consensus rating found for Unique ID DOSEESC_UM03_02.05.2018_12_31_29; set to None.
2025-04-16 16:11:30,723 - WARNING - No consensus rating found for Unique ID DOSEESC_UM03_02.05.2018_22_34_26; set to None.
2025-04-16 16:11:30,724 - WARNING - No consensus rating found for Unique ID DOSEESC_UM03_02.05.2018_14_36_26; set to None.
2025-04-16 16:11:30,725 - WARNING - No consensus rating found for Unique ID DOSEESC_UM03_02.28.2018_13_34_25; set to None.
2025-04-16 16:11:30,725 - WARNING - No consensus rating found for Unique ID DOSEESC_UM03_02.05.2018_12_33_26; set to None.
2025-04-16 16:11:30,726 - WARNING - No consensus rating found for Unique ID DOSEESC_JH02_06.18.2018_10_36_16; set to None.
2025-04-16 16:11:30,727 - WARNING - No consensus rating found for Unique ID DOSEESC_UM03_02.05.2018_14_29_28; set to None.
2025-04-16 16:11:30,728 - WARNING - No consensus rating found for Unique ID DOSEESC_UM03_02.28.2018_20_32_27; set to None.
2025-04-16 16:11:30,729 - WARNING - No consensus rating found for Unique ID DOSEESC_UM03_02.28.2018_14_37_31; set to None.
2025-04-16 16:11:30,730 - WARNING - No consensus rating found for Unique ID DOSEESC_JH02_05.22.2018_9_31_19; set to None.
2025-04-16 16:11:30,731 - WARNING - No consensus rating found for Unique ID DOSEESC_UM03_02.05.2018_10_35_22; set to None.
2025-04-16 16:11:30,732 - WARNING - No consensus rating found for Unique ID DOSEESC_UM03_02.28.2018_10_34_21; set to None.
2025-04-16 16:11:30,732 - WARNING - No consensus rating found for Unique ID DOSEESC_UM03_02.28.2018_13_34_29; set to None.
2025-04-16 16:11:30,733 - WARNING - No consensus rating found for Unique ID DOSEESC_JH02_06.18.2018_10_37_18; set to None.
2025-04-16 16:11:30,734 - WARNING - No consensus rating found for Unique ID DOSEESC_UM03_02.05.2018_13_30_26; set to None.
2025-04-16 16:11:30,735 - WARNING - No consensus rating found for Unique ID DOSEESC_UM03_02.28.2018_12_39_24; set to None.
2025-04-16 16:11:30,736 - WARNING - No consensus rating found for Unique ID DOSEESC_UM03_02.05.2018_14_34_26; set to None.
2025-04-16 16:11:30,737 - WARNING - No consensus rating found for Unique ID DOSEESC_UM03_02.28.2018_12_42_22; set to None.
2025-04-16 16:11:30,738 - WARNING - No consensus rating found for Unique ID DOSEESC_UM03_02.28.2018_14_38_29; set to None.
2025-04-16 16:11:30,738 - WARNING - No consensus rating found for Unique ID DOSEESC_UM03_02.28.2018_14_33_25; set to None.
2025-04-16 16:11:30,739 - WARNING - No consensus rating found for Unique ID DOSEESC_UM03_02.05.2018_12_31_23; set to None.
2025-04-16 16:11:30,743 - WARNING - No consensus rating found for Unique ID DOSEESC_UM03_02.05.2018_17_34_30; set to None.
2025-04-16 16:11:30,744 - WARNING - No consensus rating found for Unique ID DOSEESC_UM03_02.05.2018_12_39_24; set to None.
2025-04-16 16:11:30,746 - WARNING - No consensus rating found for Unique ID DOSEESC_JH02_06.18.2018_12_44_19; set to None.
2025-04-16 16:11:30,748 - WARNING - No consensus rating found for Unique ID DOSEESC_JH02_06.18.2018_11_29_26; set to None.
2025-04-16 16:11:30,752 - WARNING - No consensus rating found for Unique ID DOSEESC_JH02_06.18.2018_10_29_26; set to None.
2025-04-16 16:11:30,753 - WARNING - No consensus rating found for Unique ID DOSEESC_UM03_02.28.2018_13_31_21; set to None.
2025-04-16 16:11:30,756 - WARNING - No consensus rating found for Unique ID DOSEESC_UM03_02.05.2018_16_30_31; set to None.
2025-04-16 16:11:30,757 - WARNING - No consensus rating found for Unique ID DOSEESC_UM03_02.05.2018_22_32_28; set to None.
2025-04-16 16:11:30,758 - WARNING - No consensus rating found for Unique ID DOSEESC_UM03_02.05.2018_10_33_24; set to None.
2025-04-16 16:11:30,759 - WARNING - No consensus rating found for Unique ID DOSEESC_UM03_02.05.2018_15_31_30; set to None.
2025-04-16 16:11:30,760 - WARNING - No consensus rating found for Unique ID DOSEESC_JH02_05.22.2018_11_38_21; set to None.
2025-04-16 16:11:30,761 - WARNING - No consensus rating found for Unique ID DOSEESC_UM03_02.05.2018_13_37_28; set to None.
2025-04-16 16:11:30,773 - WARNING - No consensus rating found for Unique ID DOSEESC_UM03_02.28.2018_15_36_29; set to None.
2025-04-16 16:11:30,780 - WARNING - No consensus rating found for Unique ID DOSEESC_UM03_02.28.2018_17_24_25; set to None.
2025-04-16 16:11:30,781 - WARNING - No consensus rating found for Unique ID DOSEESC_UM03_02.28.2018_14_29_29; set to None.
2025-04-16 16:11:30,782 - WARNING - No consensus rating found for Unique ID DOSEESC_JH02_06.18.2018_16_30_19; set to None.
2025-04-16 16:11:30,783 - WARNING - No consensus rating found for Unique ID DOSEESC_UM03_02.28.2018_15_39_31; set to None.
2025-04-16 16:11:30,784 - WARNING - No consensus rating found for Unique ID DOSEESC_UM03_02.05.2018_12_29_21; set to None.
2025-04-16 16:11:30,785 - WARNING - No consensus rating found for Unique ID DOSEESC_JH02_05.22.2018_12_34_20; set to None.
2025-04-16 16:11:30,786 - WARNING - No consensus rating found for Unique ID DOSEESC_UM03_02.05.2018_12_30_18; set to None.
2025-04-16 16:11:30,787 - WARNING - No consensus rating found for Unique ID DOSEESC_UM03_02.05.2018_15_31_26; set to None.
2025-04-16 16:11:30,788 - WARNING - No consensus rating found for Unique ID DOSEESC_JH02_06.18.2018_11_41_21; set to None.
2025-04-16 16:11:30,789 - WARNING - No consensus rating found for Unique ID DOSEESC_UM03_02.28.2018_14_35_19; set to None.
2025-04-16 16:11:30,790 - WARNING - No consensus rating found for Unique ID DOSEESC_UM03_02.28.2018_12_31_29; set to None.
2025-04-16 16:11:30,791 - WARNING - No consensus rating found for Unique ID DOSEESC_UM03_02.05.2018_14_32_31; set to None.
2025-04-16 16:11:30,792 - WARNING - No consensus rating found for Unique ID DOSEESC_UM03_02.05.2018_8_32_22; set to None.
2025-04-16 16:11:30,793 - WARNING - No consensus rating found for Unique ID DOSEESC_UM03_02.05.2018_13_38_20; set to None.
2025-04-16 16:11:30,793 - WARNING - No consensus rating found for Unique ID DOSEESC_JH02_06.18.2018_11_29_22; set to None.
2025-04-16 16:11:30,794 - WARNING - No consensus rating found for Unique ID DOSEESC_UM03_02.28.2018_14_37_19; set to None.
2025-04-16 16:11:30,795 - WARNING - No consensus rating found for Unique ID DOSEESC_UM03_02.28.2018_14_40_27; set to None.
2025-04-16 16:11:30,796 - WARNING - No consensus rating found for Unique ID DOSEESC_JH02_05.22.2018_10_29_22; set to None.
2025-04-16 16:11:30,799 - WARNING - No consensus rating found for Unique ID DOSEESC_UM03_02.05.2018_15_36_23; set to None.
2025-04-16 16:11:30,803 - WARNING - No consensus rating found for Unique ID DOSEESC_UM03_02.28.2018_12_33_18; set to None.
2025-04-16 16:11:30,804 - WARNING - No consensus rating found for Unique ID DOSEESC_UM03_02.28.2018_11_28_26; set to None.
2025-04-16 16:11:30,805 - WARNING - No consensus rating found for Unique ID DOSEESC_UM03_02.05.2018_13_40_23; set to None.
2025-04-16 16:11:30,806 - WARNING - No consensus rating found for Unique ID DOSEESC_UM03_02.05.2018_12_35_28; set to None.
2025-04-16 16:11:30,806 - WARNING - No consensus rating found for Unique ID DOSEESC_JH02_06.18.2018_11_37_19; set to None.
2025-04-16 16:11:30,807 - WARNING - No consensus rating found for Unique ID DOSEESC_UM03_02.28.2018_17_35_26; set to None.
2025-04-16 16:11:30,808 - WARNING - No consensus rating found for Unique ID DOSEESC_UM03_02.28.2018_16_34_28; set to None.
2025-04-16 16:11:30,809 - WARNING - No consensus rating found for Unique ID DOSEESC_JH02_06.18.2018_13_36_17; set to None.
2025-04-16 16:11:30,809 - WARNING - No consensus rating found for Unique ID DOSEESC_UM03_02.05.2018_10_30_21; set to None.
2025-04-16 16:11:30,812 - WARNING - No consensus rating found for Unique ID DOSEESC_JH02_06.18.2018_13_27_21; set to None.
2025-04-16 16:11:30,813 - WARNING - No consensus rating found for Unique ID DOSEESC_UM03_02.28.2018_14_36_25; set to None.
2025-04-16 16:11:30,814 - WARNING - No consensus rating found for Unique ID DOSEESC_UM03_02.28.2018_15_37_31; set to None.
2025-04-16 16:11:30,814 - WARNING - No consensus rating found for Unique ID DOSEESC_UM03_02.05.2018_13_36_25; set to None.
2025-04-16 16:11:30,815 - WARNING - No consensus rating found for Unique ID DOSEESC_UM03_02.28.2018_14_40_23; set to None.
2025-04-16 16:11:30,816 - WARNING - No consensus rating found for Unique ID DOSEESC_UM03_02.05.2018_15_38_26; set to None.
2025-04-16 16:11:30,817 - WARNING - No consensus rating found for Unique ID DOSEESC_JH02_06.18.2018_13_32_21; set to None.
2025-04-16 16:11:30,818 - WARNING - No consensus rating found for Unique ID DOSEESC_UM03_02.05.2018_13_35_29; set to None.
2025-04-16 16:11:30,819 - WARNING - No consensus rating found for Unique ID DOSEESC_JH02_06.18.2018_12_43_18; set to None.
2025-04-16 16:11:30,822 - WARNING - No consensus rating found for Unique ID DOSEESC_UM03_02.28.2018_18_35_27; set to None.
2025-04-16 16:11:30,822 - WARNING - No consensus rating found for Unique ID DOSEESC_JH02_06.18.2018_11_35_18; set to None.
2025-04-16 16:11:30,823 - WARNING - No consensus rating found for Unique ID DOSEESC_UM03_02.28.2018_15_36_25; set to None.
2025-04-16 16:11:30,824 - WARNING - No consensus rating found for Unique ID DOSEESC_JH02_06.18.2018_17_34_18; set to None.
2025-04-16 16:11:30,824 - WARNING - No consensus rating found for Unique ID DOSEESC_UM03_02.05.2018_19_33_26; set to None.
2025-04-16 16:11:30,825 - WARNING - No consensus rating found for Unique ID DOSEESC_UM03_02.05.2018_14_39_28; set to None.
2025-04-16 16:11:30,826 - WARNING - No consensus rating found for Unique ID DOSEESC_UM03_02.28.2018_13_32_29; set to None.
2025-04-16 16:11:30,827 - WARNING - No consensus rating found for Unique ID DOSEESC_JH02_06.18.2018_13_38_18; set to None.
2025-04-16 16:11:30,828 - WARNING - No consensus rating found for Unique ID DOSEESC_UM03_02.05.2018_16_35_30; set to None.
2025-04-16 16:11:30,828 - WARNING - No consensus rating found for Unique ID DOSEESC_UM03_02.28.2018_17_32_25; set to None.
2025-04-16 16:11:30,829 - WARNING - No consensus rating found for Unique ID DOSEESC_UM03_02.05.2018_15_39_30; set to None.
2025-04-16 16:11:30,830 - WARNING - No consensus rating found for Unique ID DOSEESC_UM03_02.28.2018_13_35_23; set to None.
2025-04-16 16:11:30,831 - WARNING - No consensus rating found for Unique ID DOSEESC_UM03_02.05.2018_15_27_25; set to None.
2025-04-16 16:11:30,831 - WARNING - No consensus rating found for Unique ID DOSEESC_UM03_02.05.2018_17_38_26; set to None.
2025-04-16 16:11:30,833 - WARNING - No consensus rating found for Unique ID DOSEESC_JH02_06.18.2018_16_35_20; set to None.
2025-04-16 16:11:30,834 - WARNING - No consensus rating found for Unique ID DOSEESC_JH02_06.18.2018_14_38_18; set to None.
2025-04-16 16:11:30,836 - WARNING - No consensus rating found for Unique ID DOSEESC_JH02_05.22.2018_8_31_19; set to None.
2025-04-16 16:11:30,837 - WARNING - No consensus rating found for Unique ID DOSEESC_JH02_06.18.2018_21_30_25; set to None.
2025-04-16 16:11:30,838 - WARNING - No consensus rating found for Unique ID DOSEESC_UM03_02.05.2018_15_34_30; set to None.
2025-04-16 16:11:30,839 - WARNING - No consensus rating found for Unique ID DOSEESC_JH02_06.18.2018_12_36_17; set to None.
2025-04-16 16:11:30,839 - WARNING - No consensus rating found for Unique ID DOSEESC_UM03_02.28.2018_13_29_29; set to None.
2025-04-16 16:11:30,840 - WARNING - No consensus rating found for Unique ID DOSEESC_UM03_02.05.2018_17_32_24; set to None.
2025-04-16 16:11:30,844 - WARNING - No consensus rating found for Unique ID DOSEESC_JH02_06.18.2018_11_33_24; set to None.
2025-04-16 16:11:30,845 - WARNING - No consensus rating found for Unique ID DOSEESC_UM03_02.28.2018_12_36_27; set to None.
2025-04-16 16:11:30,846 - WARNING - No consensus rating found for Unique ID DOSEESC_UM03_02.28.2018_15_32_24; set to None.
2025-04-16 16:11:30,846 - WARNING - No consensus rating found for Unique ID DOSEESC_UM03_02.05.2018_15_35_29; set to None.
2025-04-16 16:11:30,847 - WARNING - No consensus rating found for Unique ID DOSEESC_UM03_02.28.2018_21_34_31; set to None.
2025-04-16 16:11:30,848 - WARNING - No consensus rating found for Unique ID DOSEESC_JH02_05.22.2018_9_32_18; set to None.
2025-04-16 16:11:30,849 - WARNING - No consensus rating found for Unique ID DOSEESC_UM03_02.05.2018_13_28_28; set to None.
2025-04-16 16:11:30,850 - WARNING - No consensus rating found for Unique ID DOSEESC_JH02_06.18.2018_12_40_17; set to None.
2025-04-16 16:11:30,851 - WARNING - No consensus rating found for Unique ID DOSEESC_JH02_06.18.2018_15_33_20; set to None.
2025-04-16 16:11:30,853 - WARNING - No consensus rating found for Unique ID DOSEESC_UM03_02.05.2018_16_38_29; set to None.
2025-04-16 16:11:30,854 - WARNING - No consensus rating found for Unique ID DOSEESC_UM03_02.28.2018_15_40_23; set to None.
2025-04-16 16:11:30,855 - WARNING - No consensus rating found for Unique ID DOSEESC_UM03_02.28.2018_16_23_25; set to None.
2025-04-16 16:11:30,856 - WARNING - No consensus rating found for Unique ID DOSEESC_UM03_02.05.2018_17_39_26; set to None.
2025-04-16 16:11:30,857 - WARNING - No consensus rating found for Unique ID DOSEESC_UM03_02.28.2018_18_35_31; set to None.
2025-04-16 16:11:30,858 - WARNING - No consensus rating found for Unique ID DOSEESC_UM03_02.05.2018_14_40_18; set to None.
2025-04-16 16:11:30,858 - WARNING - No consensus rating found for Unique ID DOSEESC_JH02_06.18.2018_19_38_20; set to None.
2025-04-16 16:11:30,859 - WARNING - No consensus rating found for Unique ID DOSEESC_JH02_05.22.2018_10_38_20; set to None.
2025-04-16 16:11:30,860 - WARNING - No consensus rating found for Unique ID DOSEESC_UM03_02.05.2018_14_36_30; set to None.
2025-04-16 16:11:30,861 - WARNING - No consensus rating found for Unique ID DOSEESC_JH02_05.22.2018_9_33_21; set to None.
2025-04-16 16:11:30,861 - WARNING - No consensus rating found for Unique ID DOSEESC_JH02_05.22.2018_9_32_22; set to None.
2025-04-16 16:11:30,862 - WARNING - No consensus rating found for Unique ID DOSEESC_JH02_05.22.2018_10_35_18; set to None.
2025-04-16 16:11:30,863 - WARNING - No consensus rating found for Unique ID DOSEESC_UM03_02.28.2018_12_33_26; set to None.
2025-04-16 16:11:30,864 - WARNING - No consensus rating found for Unique ID DOSEESC_UM03_02.05.2018_19_31_28; set to None.
2025-04-16 16:11:30,865 - WARNING - No consensus rating found for Unique ID DOSEESC_UM03_02.28.2018_16_32_28; set to None.
2025-04-16 16:11:30,866 - WARNING - No consensus rating found for Unique ID DOSEESC_UM03_02.05.2018_11_31_24; set to None.
2025-04-16 16:11:30,867 - WARNING - No consensus rating found for Unique ID DOSEESC_UM03_02.28.2018_15_32_28; set to None.
2025-04-16 16:11:30,871 - WARNING - No consensus rating found for Unique ID DOSEESC_UM03_02.28.2018_15_29_24; set to None.
2025-04-16 16:11:30,872 - WARNING - No consensus rating found for Unique ID DOSEESC_JH02_06.18.2018_14_34_18; set to None.
2025-04-16 16:11:30,873 - WARNING - No consensus rating found for Unique ID DOSEESC_UM03_02.28.2018_13_35_27; set to None.
2025-04-16 16:11:30,874 - WARNING - No consensus rating found for Unique ID DOSEESC_UM03_02.28.2018_12_35_30; set to None.
2025-04-16 16:11:30,875 - WARNING - No consensus rating found for Unique ID DOSEESC_UM03_02.05.2018_14_31_28; set to None.
2025-04-16 16:11:30,876 - WARNING - No consensus rating found for Unique ID DOSEESC_UM03_02.05.2018_13_35_19; set to None.
2025-04-16 16:11:30,877 - WARNING - No consensus rating found for Unique ID DOSEESC_UM03_02.28.2018_10_31_21; set to None.
2025-04-16 16:11:30,878 - WARNING - No consensus rating found for Unique ID DOSEESC_UM03_02.05.2018_15_41_26; set to None.
2025-04-16 16:11:30,878 - WARNING - No consensus rating found for Unique ID DOSEESC_UM03_02.05.2018_15_38_30; set to None.
2025-04-16 16:11:30,879 - WARNING - No consensus rating found for Unique ID DOSEESC_UM03_02.05.2018_12_37_30; set to None.
2025-04-16 16:11:30,882 - WARNING - No consensus rating found for Unique ID DOSEESC_UM03_02.05.2018_12_32_27; set to None.
2025-04-16 16:11:30,883 - WARNING - No consensus rating found for Unique ID DOSEESC_UM03_02.28.2018_14_35_29; set to None.
2025-04-16 16:11:30,885 - WARNING - No consensus rating found for Unique ID DOSEESC_UM03_02.05.2018_22_30_28; set to None.
2025-04-16 16:11:30,887 - WARNING - No consensus rating found for Unique ID DOSEESC_UM03_02.28.2018_12_38_21; set to None.
2025-04-16 16:11:30,888 - WARNING - No consensus rating found for Unique ID DOSEESC_JH02_05.22.2018_9_27_22; set to None.
2025-04-16 16:11:30,889 - WARNING - No consensus rating found for Unique ID DOSEESC_UM03_02.28.2018_13_37_27; set to None.
2025-04-16 16:11:30,890 - WARNING - No consensus rating found for Unique ID DOSEESC_UM03_02.05.2018_10_28_25; set to None.
2025-04-16 16:11:30,891 - WARNING - No consensus rating found for Unique ID DOSEESC_UM03_02.05.2018_18_30_27; set to None.
2025-04-16 16:11:30,891 - WARNING - No consensus rating found for Unique ID DOSEESC_JH02_06.18.2018_13_43_18; set to None.
2025-04-16 16:11:30,892 - WARNING - No consensus rating found for Unique ID DOSEESC_JH02_06.18.2018_17_32_18; set to None.
2025-04-16 16:11:30,893 - WARNING - No consensus rating found for Unique ID DOSEESC_UM03_02.28.2018_20_35_25; set to None.
2025-04-16 16:11:30,893 - WARNING - No consensus rating found for Unique ID DOSEESC_UM03_02.05.2018_11_28_23; set to None.
2025-04-16 16:11:30,894 - WARNING - No consensus rating found for Unique ID DOSEESC_UM03_02.05.2018_13_35_25; set to None.
2025-04-16 16:11:30,895 - WARNING - No consensus rating found for Unique ID DOSEESC_UM03_02.05.2018_9_33_24; set to None.
2025-04-16 16:11:30,896 - WARNING - No consensus rating found for Unique ID DOSEESC_UM03_02.28.2018_12_32_23; set to None.
2025-04-16 16:11:30,897 - WARNING - No consensus rating found for Unique ID DOSEESC_UM03_02.05.2018_13_34_18; set to None.
2025-04-16 16:11:30,898 - WARNING - No consensus rating found for Unique ID DOSEESC_UM03_02.28.2018_8_30_22; set to None.
2025-04-16 16:11:30,898 - WARNING - No consensus rating found for Unique ID DOSEESC_UM03_02.28.2018_8_32_22; set to None.
2025-04-16 16:11:30,899 - WARNING - No consensus rating found for Unique ID DOSEESC_UM03_02.05.2018_13_37_24; set to None.
2025-04-16 16:11:30,900 - WARNING - No consensus rating found for Unique ID DOSEESC_UM03_02.28.2018_19_32_28; set to None.
2025-04-16 16:11:30,901 - WARNING - No consensus rating found for Unique ID DOSEESC_UM03_02.05.2018_22_35_27; set to None.
2025-04-16 16:11:30,902 - WARNING - No consensus rating found for Unique ID DOSEESC_JH02_06.18.2018_12_30_19; set to None.
2025-04-16 16:11:30,903 - WARNING - No consensus rating found for Unique ID DOSEESC_UM03_02.05.2018_12_36_21; set to None.
2025-04-16 16:11:30,904 - WARNING - No consensus rating found for Unique ID DOSEESC_UM03_02.05.2018_21_30_29; set to None.
2025-04-16 16:11:30,905 - WARNING - No consensus rating found for Unique ID DOSEESC_UM03_02.05.2018_11_33_20; set to None.
2025-04-16 16:11:30,906 - WARNING - No consensus rating found for Unique ID DOSEESC_JH02_06.18.2018_10_28_22; set to None.
2025-04-16 16:11:30,907 - WARNING - No consensus rating found for Unique ID DOSEESC_UM03_02.28.2018_12_37_24; set to None.
2025-04-16 16:11:30,907 - WARNING - No consensus rating found for Unique ID DOSEESC_UM03_02.28.2018_19_34_27; set to None.
2025-04-16 16:11:30,908 - WARNING - No consensus rating found for Unique ID DOSEESC_JH02_05.22.2018_8_28_25; set to None.
2025-04-16 16:11:30,909 - WARNING - No consensus rating found for Unique ID DOSEESC_JH02_06.18.2018_14_35_17; set to None.
2025-04-16 16:11:30,910 - WARNING - No consensus rating found for Unique ID DOSEESC_UM03_02.28.2018_11_34_21; set to None.
2025-04-16 16:11:30,911 - WARNING - No consensus rating found for Unique ID DOSEESC_JH02_06.18.2018_11_36_18; set to None.
2025-04-16 16:11:30,913 - WARNING - No consensus rating found for Unique ID DOSEESC_UM03_02.28.2018_11_35_22; set to None.
2025-04-16 16:11:30,914 - WARNING - No consensus rating found for Unique ID DOSEESC_UM03_02.05.2018_17_36_24; set to None.
2025-04-16 16:11:30,915 - WARNING - No consensus rating found for Unique ID DOSEESC_UM03_02.05.2018_16_35_26; set to None.
2025-04-16 16:11:30,916 - WARNING - No consensus rating found for Unique ID DOSEESC_UM03_02.05.2018_13_38_24; set to None.
2025-04-16 16:11:30,917 - WARNING - No consensus rating found for Unique ID DOSEESC_UM03_02.28.2018_16_28_28; set to None.
2025-04-16 16:11:30,918 - WARNING - No consensus rating found for Unique ID DOSEESC_UM03_02.28.2018_14_27_28; set to None.
2025-04-16 16:11:30,920 - WARNING - No consensus rating found for Unique ID DOSEESC_UM03_02.05.2018_17_38_30; set to None.
2025-04-16 16:11:30,921 - WARNING - No consensus rating found for Unique ID DOSEESC_UM03_02.05.2018_10_31_22; set to None.
2025-04-16 16:11:30,922 - WARNING - No consensus rating found for Unique ID DOSEESC_UM03_02.28.2018_16_32_24; set to None.
2025-04-16 16:11:30,923 - WARNING - No consensus rating found for Unique ID DOSEESC_UM03_02.28.2018_15_35_31; set to None.
2025-04-16 16:11:30,923 - WARNING - No consensus rating found for Unique ID DOSEESC_JH02_06.18.2018_13_30_21; set to None.
2025-04-16 16:11:30,924 - WARNING - No consensus rating found for Unique ID DOSEESC_UM03_02.28.2018_16_38_22; set to None.
2025-04-16 16:11:30,925 - WARNING - No consensus rating found for Unique ID DOSEESC_UM03_02.28.2018_14_40_18; set to None.
2025-04-16 16:11:30,926 - WARNING - No consensus rating found for Unique ID DOSEESC_UM03_02.28.2018_10_32_22; set to None.
2025-04-16 16:11:30,927 - WARNING - No consensus rating found for Unique ID DOSEESC_UM03_02.28.2018_11_30_23; set to None.
2025-04-16 16:11:30,928 - WARNING - No consensus rating found for Unique ID DOSEESC_UM03_02.05.2018_17_32_28; set to None.
2025-04-16 16:11:30,929 - WARNING - No consensus rating found for Unique ID DOSEESC_JH02_06.18.2018_12_34_17; set to None.
2025-04-16 16:11:30,930 - WARNING - No consensus rating found for Unique ID DOSEESC_UM03_02.05.2018_13_38_28; set to None.
2025-04-16 16:11:30,931 - WARNING - No consensus rating found for Unique ID DOSEESC_JH02_06.18.2018_13_36_21; set to None.
2025-04-16 16:11:30,932 - WARNING - No consensus rating found for Unique ID DOSEESC_UM03_02.28.2018_15_40_27; set to None.
2025-04-16 16:11:30,933 - WARNING - No consensus rating found for Unique ID DOSEESC_UM03_02.28.2018_16_31_28; set to None.
2025-04-16 16:11:30,934 - WARNING - No consensus rating found for Unique ID DOSEESC_UM03_02.28.2018_12_33_22; set to None.
2025-04-16 16:11:30,935 - WARNING - No consensus rating found for Unique ID DOSEESC_JH02_06.18.2018_13_44_19; set to None.
2025-04-16 16:11:30,937 - WARNING - No consensus rating found for Unique ID DOSEESC_JH02_06.18.2018_13_39_20; set to None.
2025-04-16 16:11:30,938 - WARNING - No consensus rating found for Unique ID DOSEESC_UM03_02.05.2018_14_27_29; set to None.
2025-04-16 16:11:30,938 - WARNING - No consensus rating found for Unique ID DOSEESC_JH02_05.22.2018_10_34_19; set to None.
2025-04-16 16:11:30,939 - WARNING - No consensus rating found for Unique ID DOSEESC_UM03_02.28.2018_17_31_29; set to None.
2025-04-16 16:11:30,940 - WARNING - No consensus rating found for Unique ID DOSEESC_UM03_02.05.2018_20_31_27; set to None.
2025-04-16 16:11:30,941 - WARNING - No consensus rating found for Unique ID DOSEESC_UM03_02.05.2018_17_33_23; set to None.
2025-04-16 16:11:30,944 - WARNING - No consensus rating found for Unique ID DOSEESC_UM03_02.28.2018_9_30_21; set to None.
2025-04-16 16:11:30,945 - WARNING - No consensus rating found for Unique ID DOSEESC_UM03_02.28.2018_12_31_18; set to None.
2025-04-16 16:11:30,945 - WARNING - No consensus rating found for Unique ID DOSEESC_UM03_02.05.2018_13_31_31; set to None.
2025-04-16 16:11:30,946 - WARNING - No consensus rating found for Unique ID DOSEESC_UM03_02.28.2018_10_31_25; set to None.
2025-04-16 16:11:30,947 - WARNING - No consensus rating found for Unique ID DOSEESC_UM03_02.05.2018_14_28_31; set to None.
2025-04-16 16:11:30,948 - WARNING - No consensus rating found for Unique ID DOSEESC_UM03_02.28.2018_12_31_22; set to None.
2025-04-16 16:11:30,949 - WARNING - No consensus rating found for Unique ID DOSEESC_UM03_02.05.2018_10_28_21; set to None.
2025-04-16 16:11:30,951 - WARNING - No consensus rating found for Unique ID DOSEESC_UM03_02.28.2018_13_37_23; set to None.
2025-04-16 16:11:30,952 - WARNING - No consensus rating found for Unique ID DOSEESC_UM03_02.28.2018_12_30_20; set to None.
2025-04-16 16:11:30,953 - WARNING - No consensus rating found for Unique ID DOSEESC_UM03_02.28.2018_14_30_25; set to None.
2025-04-16 16:11:30,954 - WARNING - No consensus rating found for Unique ID DOSEESC_UM03_02.05.2018_17_31_29; set to None.
2025-04-16 16:11:30,955 - WARNING - No consensus rating found for Unique ID DOSEESC_UM03_02.28.2018_11_33_23; set to None.
2025-04-16 16:11:30,956 - WARNING - No consensus rating found for Unique ID DOSEESC_UM03_02.28.2018_21_34_26; set to None.
2025-04-16 16:11:30,957 - INFO - Spectral data updated with consensus ratings.
2025-04-16 16:11:30,959 - INFO - Displaying 10 random spectral entries for verification.
2025-04-16 16:11:30,961 - INFO - Unique ID: DOSEESC_EM01_10.16.2017_9_43_38
2025-04-16 16:11:30,968 - INFO - Spectral Data Consensus Rating: Unacceptable
2025-04-16 16:11:30,969 - INFO - Aggregated CSV Row:
2025-04-16 16:11:30,972 - INFO -                       unique_id     rating_1 rating_2 rating_3    consensus          raters
DOSEESC_EM01_10.16.2017_9_43_38 Unacceptable      NaN      NaN Unacceptable ['Eric Mellon']
2025-04-16 16:11:30,973 - INFO - --------------------------------------------------
2025-04-16 16:11:30,975 - INFO - Unique ID: rGBM_003_04_24_2023_04.24.2023_14_49_34
2025-04-16 16:11:30,975 - INFO - Spectral Data Consensus Rating: Acceptable
2025-04-16 16:11:30,976 - INFO - Aggregated CSV Row:
2025-04-16 16:11:30,978 - INFO -                               unique_id   rating_1 rating_2 rating_3  consensus             raters
rGBM_003_04_24_2023_04.24.2023_14_49_34 Acceptable      NaN      NaN Acceptable ['Harish Poptani']
2025-04-16 16:11:30,979 - INFO - --------------------------------------------------
2025-04-16 16:11:30,980 - INFO - Unique ID: DOSEESC_JH10_12.28.2018_22_34_36
2025-04-16 16:11:30,981 - INFO - Spectral Data Consensus Rating: Acceptable
2025-04-16 16:11:30,983 - INFO - Aggregated CSV Row:
2025-04-16 16:11:30,985 - INFO -                        unique_id   rating_1 rating_2 rating_3  consensus             raters
DOSEESC_JH10_12.28.2018_22_34_36 Acceptable      NaN      NaN Acceptable ['Harish Poptani']
2025-04-16 16:11:30,986 - INFO - --------------------------------------------------
2025-04-16 16:11:30,988 - INFO - Unique ID: DOSEESC_EM05_01.31.2018_9_28_21
2025-04-16 16:11:30,989 - INFO - Spectral Data Consensus Rating: Acceptable
2025-04-16 16:11:30,990 - INFO - Aggregated CSV Row:
2025-04-16 16:11:30,993 - INFO -                       unique_id   rating_1 rating_2 rating_3  consensus          raters
DOSEESC_EM05_01.31.2018_9_28_21 Acceptable      NaN      NaN Acceptable ['Eric Mellon']
2025-04-16 16:11:30,994 - INFO - --------------------------------------------------
2025-04-16 16:11:30,995 - INFO - Unique ID: DOSEESC_UM18_02.18.2019_19_34_40
2025-04-16 16:11:30,996 - INFO - Spectral Data Consensus Rating: Acceptable
2025-04-16 16:11:30,997 - INFO - Aggregated CSV Row:
2025-04-16 16:11:30,999 - INFO -                        unique_id   rating_1 rating_2 rating_3  consensus             raters
DOSEESC_UM18_02.18.2019_19_34_40 Acceptable      NaN      NaN Acceptable ['Harish Poptani']
2025-04-16 16:11:31,000 - INFO - --------------------------------------------------
2025-04-16 16:11:31,001 - INFO - Unique ID: DOSEESC_EM13_03.01.2019_22_40_36
2025-04-16 16:11:31,002 - INFO - Spectral Data Consensus Rating: Acceptable
2025-04-16 16:11:31,003 - INFO - Aggregated CSV Row:
2025-04-16 16:11:31,005 - INFO -                        unique_id   rating_1 rating_2 rating_3  consensus             raters
DOSEESC_EM13_03.01.2019_22_40_36 Acceptable      NaN      NaN Acceptable ['Harish Poptani']
2025-04-16 16:11:31,006 - INFO - --------------------------------------------------
2025-04-16 16:11:31,007 - INFO - Unique ID: rGBM_007_05_30_2023_05.30.2023_12_34_42
2025-04-16 16:11:31,008 - INFO - Spectral Data Consensus Rating: Unacceptable
2025-04-16 16:11:31,009 - INFO - Aggregated CSV Row:
2025-04-16 16:11:31,010 - INFO -                               unique_id     rating_1 rating_2 rating_3    consensus             raters
rGBM_007_05_30_2023_05.30.2023_12_34_42 Unacceptable      NaN      NaN Unacceptable ['Harish Poptani']
2025-04-16 16:11:31,011 - INFO - --------------------------------------------------
2025-04-16 16:11:31,012 - INFO - Unique ID: DOSEESC_UM21_05.01.2019_17_31_34
2025-04-16 16:11:31,014 - INFO - Spectral Data Consensus Rating: Acceptable
2025-04-16 16:11:31,015 - INFO - Aggregated CSV Row:
2025-04-16 16:11:31,017 - INFO -                        unique_id   rating_1 rating_2 rating_3  consensus             raters
DOSEESC_UM21_05.01.2019_17_31_34 Acceptable      NaN      NaN Acceptable ['Harish Poptani']
2025-04-16 16:11:31,018 - INFO - --------------------------------------------------
2025-04-16 16:11:31,020 - INFO - Unique ID: rGBM_003_04_24_2023_04.24.2023_17_24_38
2025-04-16 16:11:31,021 - INFO - Spectral Data Consensus Rating: Acceptable
2025-04-16 16:11:31,022 - INFO - Aggregated CSV Row:
2025-04-16 16:11:31,024 - INFO -                               unique_id   rating_1 rating_2 rating_3  consensus             raters
rGBM_003_04_24_2023_04.24.2023_17_24_38 Acceptable      NaN      NaN Acceptable ['Harish Poptani']
2025-04-16 16:11:31,024 - INFO - --------------------------------------------------
2025-04-16 16:11:31,026 - INFO - Unique ID: DOSEESC_EM06_03.19.2018_19_49_34
2025-04-16 16:11:31,027 - INFO - Spectral Data Consensus Rating: Acceptable
2025-04-16 16:11:31,027 - INFO - Aggregated CSV Row:
2025-04-16 16:11:31,029 - INFO -                        unique_id   rating_1 rating_2 rating_3  consensus             raters
DOSEESC_EM06_03.19.2018_19_49_34 Acceptable      NaN      NaN Acceptable ['Harish Poptani']
2025-04-16 16:11:31,030 - INFO - --------------------------------------------------
2025-04-16 16:11:33,838 - INFO - Updated spectral data saved to x:\ArtifactRemovalProject\data\ratings\aggregate_data\spectral_data_updated_with_consensus.pkl
