2025-04-22 13:53:46,001 - INFO - CSV files found: ['x:\\ArtifactRemovalProject\\data\\ratings\\individual_csv\\unique_ids_group_25_20250411_202222_raters_completed_Maudsley.csv', 'x:\\ArtifactRemovalProject\\data\\ratings\\individual_csv\\unique_ids_group_25_20250411_202222_raters_completed_Mellon.csv', 'x:\\ArtifactRemovalProject\\data\\ratings\\individual_csv\\unique_ids_group_25_20250411_202222_raters_completed_Poptani.csv', 'x:\\ArtifactRemovalProject\\data\\ratings\\individual_csv\\unique_ids_group_25_20250411_202222_raters_completed_Sheriff.csv', 'x:\\ArtifactRemovalProject\\data\\ratings\\individual_csv\\unique_ids_group_25_20250411_202222_raters_completed_Shim.csv', 'x:\\ArtifactRemovalProject\\data\\ratings\\individual_csv\\unique_ids_group_25_20250411_202222_raters_completed_Shu.csv', 'x:\\ArtifactRemovalProject\\data\\ratings\\individual_csv\\unique_ids_group_25_20250411_202222_raters_completed_Soher.csv', 'x:\\ArtifactRemovalProject\\data\\ratings\\individual_csv\\unique_ids_group_25_20250411_202222_raters_completed_Weinberg.csv']
2025-04-22 13:53:46,002 - INFO - Cleaning 'Poor Quality' labels in individual CSVs…
2025-04-22 13:53:46,026 - WARNING - 3 'Poor Quality' labels found in x:\ArtifactRemovalProject\data\ratings\individual_csv\unique_ids_group_25_20250411_202222_raters_completed_Maudsley.csv; recoding to 'Unacceptable'
2025-04-22 13:53:46,047 - INFO - Saved cleaned CSV: x:\ArtifactRemovalProject\data\ratings\individual_csv\unique_ids_group_25_20250411_202222_raters_completed_Maudsley.csv
2025-04-22 13:53:46,067 - INFO - No 'Poor Quality' labels in x:\ArtifactRemovalProject\data\ratings\individual_csv\unique_ids_group_25_20250411_202222_raters_completed_Mellon.csv
2025-04-22 13:53:46,085 - INFO - No 'Poor Quality' labels in x:\ArtifactRemovalProject\data\ratings\individual_csv\unique_ids_group_25_20250411_202222_raters_completed_Poptani.csv
2025-04-22 13:53:46,105 - INFO - No 'Poor Quality' labels in x:\ArtifactRemovalProject\data\ratings\individual_csv\unique_ids_group_25_20250411_202222_raters_completed_Sheriff.csv
2025-04-22 13:53:46,124 - INFO - No 'Poor Quality' labels in x:\ArtifactRemovalProject\data\ratings\individual_csv\unique_ids_group_25_20250411_202222_raters_completed_Shim.csv
2025-04-22 13:53:46,142 - WARNING - 3 'Poor Quality' labels found in x:\ArtifactRemovalProject\data\ratings\individual_csv\unique_ids_group_25_20250411_202222_raters_completed_Shu.csv; recoding to 'Unacceptable'
2025-04-22 13:53:46,159 - INFO - Saved cleaned CSV: x:\ArtifactRemovalProject\data\ratings\individual_csv\unique_ids_group_25_20250411_202222_raters_completed_Shu.csv
2025-04-22 13:53:46,178 - WARNING - 8 'Poor Quality' labels found in x:\ArtifactRemovalProject\data\ratings\individual_csv\unique_ids_group_25_20250411_202222_raters_completed_Soher.csv; recoding to 'Unacceptable'
2025-04-22 13:53:46,198 - INFO - Saved cleaned CSV: x:\ArtifactRemovalProject\data\ratings\individual_csv\unique_ids_group_25_20250411_202222_raters_completed_Soher.csv
2025-04-22 13:53:46,217 - WARNING - 2 'Poor Quality' labels found in x:\ArtifactRemovalProject\data\ratings\individual_csv\unique_ids_group_25_20250411_202222_raters_completed_Weinberg.csv; recoding to 'Unacceptable'
2025-04-22 13:53:46,235 - INFO - Saved cleaned CSV: x:\ArtifactRemovalProject\data\ratings\individual_csv\unique_ids_group_25_20250411_202222_raters_completed_Weinberg.csv
2025-04-22 13:53:46,323 - INFO - Combined CSV file preview:
2025-04-22 13:53:46,328 - INFO - 
              name                         unique_id        rating              time completed  time taken
0  Andrew Maudsley   DOSEESC_EM01_10.16.2017_9_24_27  Unacceptable  2025-04-19T22:29:31.437760   29.766863
1  Andrew Maudsley  DOSEESC_EM12_01.25.2019_11_45_35    Acceptable  2025-04-19T22:29:41.097481    8.616255
2  Andrew Maudsley  DOSEESC_JH10_12.28.2018_22_33_37    Acceptable  2025-04-19T22:29:48.189469    6.050606
3  Andrew Maudsley   DOSEESC_EM08_11.02.2018_8_51_37  Unacceptable  2025-04-19T22:30:02.484220   13.182644
4  Andrew Maudsley  DOSEESC_UM18_01.23.2019_17_41_42    Acceptable  2025-04-19T22:30:10.451956    6.844780
2025-04-22 13:53:47,363 - INFO - Aggregated Ratings (first few rows):
2025-04-22 13:53:47,366 - INFO - 
                          unique_id      rating_1      rating_2      rating_3     consensus                                            raters
0  DOSEESC_EM01_09.20.2017_10_18_34    Acceptable    Acceptable    Acceptable    Acceptable        [Harish Poptani, Hui-Kuo Shu, Brian Soher]
1  DOSEESC_EM01_09.20.2017_10_21_33    Acceptable  Unacceptable    Acceptable    Acceptable        [Harish Poptani, Hui-Kuo Shu, Brian Soher]
2  DOSEESC_EM01_09.20.2017_10_23_23    Acceptable    Acceptable          None    Acceptable                    [Andrew Maudsley, Eric Mellon]
3  DOSEESC_EM01_09.20.2017_10_26_26  Unacceptable    Acceptable  Unacceptable  Unacceptable  [Sulaiman Sheriff, Hyunsuk Shim, Brent Weinberg]
4  DOSEESC_EM01_09.20.2017_10_31_23    Acceptable    Acceptable          None    Acceptable                    [Andrew Maudsley, Eric Mellon]
2025-04-22 13:53:47,368 - INFO - No 'Poor Quality' consensus labels found.
2025-04-22 13:53:47,425 - INFO - Aggregated spectral ratings saved to 'x:\ArtifactRemovalProject\data\ratings\aggregate_data\aggregated_spectral_ratings.csv'
2025-04-22 13:53:47,426 - INFO - Starting verification of aggregated ratings.
2025-04-22 13:53:52,422 - INFO - Verification succeeded: All aggregated ratings match the original CSV data.
2025-04-22 13:53:52,424 - INFO - Verification succeeded: All aggregated ratings match the individual CSV data.
2025-04-22 13:53:52,462 - INFO - Loading spectral data from pickle file: x:\ArtifactRemovalProject\data\processed\20250411_202222\unique_ids_group_25_20250411_202222_raters.pkl
2025-04-22 13:53:53,005 - INFO - Spectral data loaded successfully.
2025-04-22 13:53:53,006 - INFO - Loading aggregated CSV data from: x:\ArtifactRemovalProject\data\ratings\aggregate_data\aggregated_spectral_ratings.csv
2025-04-22 13:53:53,034 - INFO - Aggregated CSV loaded with 5257 rows.
2025-04-22 13:53:53,039 - INFO - Consensus mapping created successfully.
2025-04-22 13:53:53,040 - INFO - Updating spectral data with consensus ratings.
2025-04-22 13:53:53,040 - WARNING - No consensus rating found for Unique ID DOSEESC_UM03_02.05.2018_21_32_28; set to None.
2025-04-22 13:53:53,041 - WARNING - No consensus rating found for Unique ID DOSEESC_UM03_02.28.2018_15_33_28; set to None.
2025-04-22 13:53:53,042 - WARNING - No consensus rating found for Unique ID DOSEESC_JH02_06.18.2018_18_33_19; set to None.
2025-04-22 13:53:53,043 - WARNING - No consensus rating found for Unique ID DOSEESC_UM03_02.28.2018_14_30_29; set to None.
2025-04-22 13:53:53,044 - WARNING - No consensus rating found for Unique ID DOSEESC_UM03_02.05.2018_12_31_29; set to None.
2025-04-22 13:53:53,044 - WARNING - No consensus rating found for Unique ID DOSEESC_UM03_02.05.2018_22_34_26; set to None.
2025-04-22 13:53:53,045 - WARNING - No consensus rating found for Unique ID DOSEESC_UM03_02.05.2018_14_36_26; set to None.
2025-04-22 13:53:53,046 - WARNING - No consensus rating found for Unique ID DOSEESC_UM03_02.28.2018_13_34_25; set to None.
2025-04-22 13:53:53,047 - WARNING - No consensus rating found for Unique ID DOSEESC_UM03_02.05.2018_12_33_26; set to None.
2025-04-22 13:53:53,048 - WARNING - No consensus rating found for Unique ID DOSEESC_JH02_06.18.2018_10_36_16; set to None.
2025-04-22 13:53:53,049 - WARNING - No consensus rating found for Unique ID DOSEESC_UM03_02.05.2018_14_29_28; set to None.
2025-04-22 13:53:53,050 - WARNING - No consensus rating found for Unique ID DOSEESC_UM03_02.28.2018_20_32_27; set to None.
2025-04-22 13:53:53,051 - WARNING - No consensus rating found for Unique ID DOSEESC_UM03_02.28.2018_14_37_31; set to None.
2025-04-22 13:53:53,052 - WARNING - No consensus rating found for Unique ID DOSEESC_JH02_05.22.2018_9_31_19; set to None.
2025-04-22 13:53:53,052 - WARNING - No consensus rating found for Unique ID DOSEESC_UM03_02.05.2018_10_35_22; set to None.
2025-04-22 13:53:53,053 - WARNING - No consensus rating found for Unique ID DOSEESC_UM03_02.28.2018_10_34_21; set to None.
2025-04-22 13:53:53,054 - WARNING - No consensus rating found for Unique ID DOSEESC_UM03_02.28.2018_13_34_29; set to None.
2025-04-22 13:53:53,055 - WARNING - No consensus rating found for Unique ID DOSEESC_JH02_06.18.2018_10_37_18; set to None.
2025-04-22 13:53:53,056 - WARNING - No consensus rating found for Unique ID DOSEESC_UM03_02.05.2018_13_30_26; set to None.
2025-04-22 13:53:53,057 - WARNING - No consensus rating found for Unique ID DOSEESC_UM03_02.28.2018_12_39_24; set to None.
2025-04-22 13:53:53,058 - WARNING - No consensus rating found for Unique ID DOSEESC_UM03_02.05.2018_14_34_26; set to None.
2025-04-22 13:53:53,059 - WARNING - No consensus rating found for Unique ID DOSEESC_UM03_02.28.2018_12_42_22; set to None.
2025-04-22 13:53:53,060 - WARNING - No consensus rating found for Unique ID DOSEESC_UM03_02.28.2018_14_38_29; set to None.
2025-04-22 13:53:53,061 - WARNING - No consensus rating found for Unique ID DOSEESC_UM03_02.28.2018_14_33_25; set to None.
2025-04-22 13:53:53,061 - WARNING - No consensus rating found for Unique ID DOSEESC_UM03_02.05.2018_12_31_23; set to None.
2025-04-22 13:53:53,063 - WARNING - No consensus rating found for Unique ID DOSEESC_UM03_02.05.2018_17_34_30; set to None.
2025-04-22 13:53:53,063 - WARNING - No consensus rating found for Unique ID DOSEESC_UM03_02.05.2018_12_39_24; set to None.
2025-04-22 13:53:53,064 - WARNING - No consensus rating found for Unique ID DOSEESC_JH02_06.18.2018_12_44_19; set to None.
2025-04-22 13:53:53,065 - WARNING - No consensus rating found for Unique ID DOSEESC_JH02_06.18.2018_11_29_26; set to None.
2025-04-22 13:53:53,066 - WARNING - No consensus rating found for Unique ID DOSEESC_JH02_06.18.2018_10_29_26; set to None.
2025-04-22 13:53:53,067 - WARNING - No consensus rating found for Unique ID DOSEESC_UM03_02.28.2018_13_31_21; set to None.
2025-04-22 13:53:53,068 - WARNING - No consensus rating found for Unique ID DOSEESC_UM03_02.05.2018_16_30_31; set to None.
2025-04-22 13:53:53,069 - WARNING - No consensus rating found for Unique ID DOSEESC_UM03_02.05.2018_22_32_28; set to None.
2025-04-22 13:53:53,070 - WARNING - No consensus rating found for Unique ID DOSEESC_UM03_02.05.2018_10_33_24; set to None.
2025-04-22 13:53:53,071 - WARNING - No consensus rating found for Unique ID DOSEESC_UM03_02.05.2018_15_31_30; set to None.
2025-04-22 13:53:53,072 - WARNING - No consensus rating found for Unique ID DOSEESC_JH02_05.22.2018_11_38_21; set to None.
2025-04-22 13:53:53,072 - WARNING - No consensus rating found for Unique ID DOSEESC_UM03_02.05.2018_13_37_28; set to None.
2025-04-22 13:53:53,073 - WARNING - No consensus rating found for Unique ID DOSEESC_UM03_02.28.2018_15_36_29; set to None.
2025-04-22 13:53:53,074 - WARNING - No consensus rating found for Unique ID DOSEESC_UM03_02.28.2018_17_24_25; set to None.
2025-04-22 13:53:53,075 - WARNING - No consensus rating found for Unique ID DOSEESC_UM03_02.28.2018_14_29_29; set to None.
2025-04-22 13:53:53,076 - WARNING - No consensus rating found for Unique ID DOSEESC_JH02_06.18.2018_16_30_19; set to None.
2025-04-22 13:53:53,077 - WARNING - No consensus rating found for Unique ID DOSEESC_UM03_02.28.2018_15_39_31; set to None.
2025-04-22 13:53:53,077 - WARNING - No consensus rating found for Unique ID DOSEESC_UM03_02.05.2018_12_29_21; set to None.
2025-04-22 13:53:53,078 - WARNING - No consensus rating found for Unique ID DOSEESC_JH02_05.22.2018_12_34_20; set to None.
2025-04-22 13:53:53,079 - WARNING - No consensus rating found for Unique ID DOSEESC_UM03_02.05.2018_12_30_18; set to None.
2025-04-22 13:53:53,080 - WARNING - No consensus rating found for Unique ID DOSEESC_UM03_02.05.2018_15_31_26; set to None.
2025-04-22 13:53:53,081 - WARNING - No consensus rating found for Unique ID DOSEESC_JH02_06.18.2018_11_41_21; set to None.
2025-04-22 13:53:53,082 - WARNING - No consensus rating found for Unique ID DOSEESC_UM03_02.28.2018_14_35_19; set to None.
2025-04-22 13:53:53,083 - WARNING - No consensus rating found for Unique ID DOSEESC_UM03_02.28.2018_12_31_29; set to None.
2025-04-22 13:53:53,083 - WARNING - No consensus rating found for Unique ID DOSEESC_UM03_02.05.2018_14_32_31; set to None.
2025-04-22 13:53:53,084 - WARNING - No consensus rating found for Unique ID DOSEESC_UM03_02.05.2018_8_32_22; set to None.
2025-04-22 13:53:53,085 - WARNING - No consensus rating found for Unique ID DOSEESC_UM03_02.05.2018_13_38_20; set to None.
2025-04-22 13:53:53,086 - WARNING - No consensus rating found for Unique ID DOSEESC_JH02_06.18.2018_11_29_22; set to None.
2025-04-22 13:53:53,087 - WARNING - No consensus rating found for Unique ID DOSEESC_UM03_02.28.2018_14_37_19; set to None.
2025-04-22 13:53:53,088 - WARNING - No consensus rating found for Unique ID DOSEESC_UM03_02.28.2018_14_40_27; set to None.
2025-04-22 13:53:53,089 - WARNING - No consensus rating found for Unique ID DOSEESC_JH02_05.22.2018_10_29_22; set to None.
2025-04-22 13:53:53,089 - WARNING - No consensus rating found for Unique ID DOSEESC_UM03_02.05.2018_15_36_23; set to None.
2025-04-22 13:53:53,090 - WARNING - No consensus rating found for Unique ID DOSEESC_UM03_02.28.2018_12_33_18; set to None.
2025-04-22 13:53:53,091 - WARNING - No consensus rating found for Unique ID DOSEESC_UM03_02.28.2018_11_28_26; set to None.
2025-04-22 13:53:53,092 - WARNING - No consensus rating found for Unique ID DOSEESC_UM03_02.05.2018_13_40_23; set to None.
2025-04-22 13:53:53,093 - WARNING - No consensus rating found for Unique ID DOSEESC_UM03_02.05.2018_12_35_28; set to None.
2025-04-22 13:53:53,094 - WARNING - No consensus rating found for Unique ID DOSEESC_JH02_06.18.2018_11_37_19; set to None.
2025-04-22 13:53:53,095 - WARNING - No consensus rating found for Unique ID DOSEESC_UM03_02.28.2018_17_35_26; set to None.
2025-04-22 13:53:53,096 - WARNING - No consensus rating found for Unique ID DOSEESC_UM03_02.28.2018_16_34_28; set to None.
2025-04-22 13:53:53,096 - WARNING - No consensus rating found for Unique ID DOSEESC_JH02_06.18.2018_13_36_17; set to None.
2025-04-22 13:53:53,097 - WARNING - No consensus rating found for Unique ID DOSEESC_UM03_02.05.2018_10_30_21; set to None.
2025-04-22 13:53:53,098 - WARNING - No consensus rating found for Unique ID DOSEESC_JH02_06.18.2018_13_27_21; set to None.
2025-04-22 13:53:53,099 - WARNING - No consensus rating found for Unique ID DOSEESC_UM03_02.28.2018_14_36_25; set to None.
2025-04-22 13:53:53,100 - WARNING - No consensus rating found for Unique ID DOSEESC_UM03_02.28.2018_15_37_31; set to None.
2025-04-22 13:53:53,101 - WARNING - No consensus rating found for Unique ID DOSEESC_UM03_02.05.2018_13_36_25; set to None.
2025-04-22 13:53:53,102 - WARNING - No consensus rating found for Unique ID DOSEESC_UM03_02.28.2018_14_40_23; set to None.
2025-04-22 13:53:53,103 - WARNING - No consensus rating found for Unique ID DOSEESC_UM03_02.05.2018_15_38_26; set to None.
2025-04-22 13:53:53,104 - WARNING - No consensus rating found for Unique ID DOSEESC_JH02_06.18.2018_13_32_21; set to None.
2025-04-22 13:53:53,105 - WARNING - No consensus rating found for Unique ID DOSEESC_UM03_02.05.2018_13_35_29; set to None.
2025-04-22 13:53:53,110 - WARNING - No consensus rating found for Unique ID DOSEESC_JH02_06.18.2018_12_43_18; set to None.
2025-04-22 13:53:53,120 - WARNING - No consensus rating found for Unique ID DOSEESC_UM03_02.28.2018_18_35_27; set to None.
2025-04-22 13:53:53,128 - WARNING - No consensus rating found for Unique ID DOSEESC_JH02_06.18.2018_11_35_18; set to None.
2025-04-22 13:53:53,129 - WARNING - No consensus rating found for Unique ID DOSEESC_UM03_02.28.2018_15_36_25; set to None.
2025-04-22 13:53:53,130 - WARNING - No consensus rating found for Unique ID DOSEESC_JH02_06.18.2018_17_34_18; set to None.
2025-04-22 13:53:53,131 - WARNING - No consensus rating found for Unique ID DOSEESC_UM03_02.05.2018_19_33_26; set to None.
2025-04-22 13:53:53,132 - WARNING - No consensus rating found for Unique ID DOSEESC_UM03_02.05.2018_14_39_28; set to None.
2025-04-22 13:53:53,133 - WARNING - No consensus rating found for Unique ID DOSEESC_UM03_02.28.2018_13_32_29; set to None.
2025-04-22 13:53:53,134 - WARNING - No consensus rating found for Unique ID DOSEESC_JH02_06.18.2018_13_38_18; set to None.
2025-04-22 13:53:53,135 - WARNING - No consensus rating found for Unique ID DOSEESC_UM03_02.05.2018_16_35_30; set to None.
2025-04-22 13:53:53,136 - WARNING - No consensus rating found for Unique ID DOSEESC_UM03_02.28.2018_17_32_25; set to None.
2025-04-22 13:53:53,137 - WARNING - No consensus rating found for Unique ID DOSEESC_UM03_02.05.2018_15_39_30; set to None.
2025-04-22 13:53:53,138 - WARNING - No consensus rating found for Unique ID DOSEESC_UM03_02.28.2018_13_35_23; set to None.
2025-04-22 13:53:53,139 - WARNING - No consensus rating found for Unique ID DOSEESC_UM03_02.05.2018_15_27_25; set to None.
2025-04-22 13:53:53,139 - WARNING - No consensus rating found for Unique ID DOSEESC_UM03_02.05.2018_17_38_26; set to None.
2025-04-22 13:53:53,140 - WARNING - No consensus rating found for Unique ID DOSEESC_JH02_06.18.2018_16_35_20; set to None.
2025-04-22 13:53:53,141 - WARNING - No consensus rating found for Unique ID DOSEESC_JH02_06.18.2018_14_38_18; set to None.
2025-04-22 13:53:53,142 - WARNING - No consensus rating found for Unique ID DOSEESC_JH02_05.22.2018_8_31_19; set to None.
2025-04-22 13:53:53,143 - WARNING - No consensus rating found for Unique ID DOSEESC_JH02_06.18.2018_21_30_25; set to None.
2025-04-22 13:53:53,145 - WARNING - No consensus rating found for Unique ID DOSEESC_UM03_02.05.2018_15_34_30; set to None.
2025-04-22 13:53:53,145 - WARNING - No consensus rating found for Unique ID DOSEESC_JH02_06.18.2018_12_36_17; set to None.
2025-04-22 13:53:53,147 - WARNING - No consensus rating found for Unique ID DOSEESC_UM03_02.28.2018_13_29_29; set to None.
2025-04-22 13:53:53,147 - WARNING - No consensus rating found for Unique ID DOSEESC_UM03_02.05.2018_17_32_24; set to None.
2025-04-22 13:53:53,149 - WARNING - No consensus rating found for Unique ID DOSEESC_JH02_06.18.2018_11_33_24; set to None.
2025-04-22 13:53:53,149 - WARNING - No consensus rating found for Unique ID DOSEESC_UM03_02.28.2018_12_36_27; set to None.
2025-04-22 13:53:53,150 - WARNING - No consensus rating found for Unique ID DOSEESC_UM03_02.28.2018_15_32_24; set to None.
2025-04-22 13:53:53,151 - WARNING - No consensus rating found for Unique ID DOSEESC_UM03_02.05.2018_15_35_29; set to None.
2025-04-22 13:53:53,152 - WARNING - No consensus rating found for Unique ID DOSEESC_UM03_02.28.2018_21_34_31; set to None.
2025-04-22 13:53:53,152 - WARNING - No consensus rating found for Unique ID DOSEESC_JH02_05.22.2018_9_32_18; set to None.
2025-04-22 13:53:53,153 - WARNING - No consensus rating found for Unique ID DOSEESC_UM03_02.05.2018_13_28_28; set to None.
2025-04-22 13:53:53,154 - WARNING - No consensus rating found for Unique ID DOSEESC_JH02_06.18.2018_12_40_17; set to None.
2025-04-22 13:53:53,155 - WARNING - No consensus rating found for Unique ID DOSEESC_JH02_06.18.2018_15_33_20; set to None.
2025-04-22 13:53:53,156 - WARNING - No consensus rating found for Unique ID DOSEESC_UM03_02.05.2018_16_38_29; set to None.
2025-04-22 13:53:53,157 - WARNING - No consensus rating found for Unique ID DOSEESC_UM03_02.28.2018_15_40_23; set to None.
2025-04-22 13:53:53,158 - WARNING - No consensus rating found for Unique ID DOSEESC_UM03_02.28.2018_16_23_25; set to None.
2025-04-22 13:53:53,159 - WARNING - No consensus rating found for Unique ID DOSEESC_UM03_02.05.2018_17_39_26; set to None.
2025-04-22 13:53:53,160 - WARNING - No consensus rating found for Unique ID DOSEESC_UM03_02.28.2018_18_35_31; set to None.
2025-04-22 13:53:53,161 - WARNING - No consensus rating found for Unique ID DOSEESC_UM03_02.05.2018_14_40_18; set to None.
2025-04-22 13:53:53,162 - WARNING - No consensus rating found for Unique ID DOSEESC_JH02_06.18.2018_19_38_20; set to None.
2025-04-22 13:53:53,162 - WARNING - No consensus rating found for Unique ID DOSEESC_JH02_05.22.2018_10_38_20; set to None.
2025-04-22 13:53:53,163 - WARNING - No consensus rating found for Unique ID DOSEESC_UM03_02.05.2018_14_36_30; set to None.
2025-04-22 13:53:53,164 - WARNING - No consensus rating found for Unique ID DOSEESC_JH02_05.22.2018_9_33_21; set to None.
2025-04-22 13:53:53,165 - WARNING - No consensus rating found for Unique ID DOSEESC_JH02_05.22.2018_9_32_22; set to None.
2025-04-22 13:53:53,166 - WARNING - No consensus rating found for Unique ID DOSEESC_JH02_05.22.2018_10_35_18; set to None.
2025-04-22 13:53:53,167 - WARNING - No consensus rating found for Unique ID DOSEESC_UM03_02.28.2018_12_33_26; set to None.
2025-04-22 13:53:53,167 - WARNING - No consensus rating found for Unique ID DOSEESC_UM03_02.05.2018_19_31_28; set to None.
2025-04-22 13:53:53,168 - WARNING - No consensus rating found for Unique ID DOSEESC_UM03_02.28.2018_16_32_28; set to None.
2025-04-22 13:53:53,169 - WARNING - No consensus rating found for Unique ID DOSEESC_UM03_02.05.2018_11_31_24; set to None.
2025-04-22 13:53:53,170 - WARNING - No consensus rating found for Unique ID DOSEESC_UM03_02.28.2018_15_32_28; set to None.
2025-04-22 13:53:53,171 - WARNING - No consensus rating found for Unique ID DOSEESC_UM03_02.28.2018_15_29_24; set to None.
2025-04-22 13:53:53,172 - WARNING - No consensus rating found for Unique ID DOSEESC_JH02_06.18.2018_14_34_18; set to None.
2025-04-22 13:53:53,173 - WARNING - No consensus rating found for Unique ID DOSEESC_UM03_02.28.2018_13_35_27; set to None.
2025-04-22 13:53:53,174 - WARNING - No consensus rating found for Unique ID DOSEESC_UM03_02.28.2018_12_35_30; set to None.
2025-04-22 13:53:53,174 - WARNING - No consensus rating found for Unique ID DOSEESC_UM03_02.05.2018_14_31_28; set to None.
2025-04-22 13:53:53,175 - WARNING - No consensus rating found for Unique ID DOSEESC_UM03_02.05.2018_13_35_19; set to None.
2025-04-22 13:53:53,176 - WARNING - No consensus rating found for Unique ID DOSEESC_UM03_02.28.2018_10_31_21; set to None.
2025-04-22 13:53:53,177 - WARNING - No consensus rating found for Unique ID DOSEESC_UM03_02.05.2018_15_41_26; set to None.
2025-04-22 13:53:53,178 - WARNING - No consensus rating found for Unique ID DOSEESC_UM03_02.05.2018_15_38_30; set to None.
2025-04-22 13:53:53,179 - WARNING - No consensus rating found for Unique ID DOSEESC_UM03_02.05.2018_12_37_30; set to None.
2025-04-22 13:53:53,180 - WARNING - No consensus rating found for Unique ID DOSEESC_UM03_02.05.2018_12_32_27; set to None.
2025-04-22 13:53:53,181 - WARNING - No consensus rating found for Unique ID DOSEESC_UM03_02.28.2018_14_35_29; set to None.
2025-04-22 13:53:53,182 - WARNING - No consensus rating found for Unique ID DOSEESC_UM03_02.05.2018_22_30_28; set to None.
2025-04-22 13:53:53,183 - WARNING - No consensus rating found for Unique ID DOSEESC_UM03_02.28.2018_12_38_21; set to None.
2025-04-22 13:53:53,184 - WARNING - No consensus rating found for Unique ID DOSEESC_JH02_05.22.2018_9_27_22; set to None.
2025-04-22 13:53:53,185 - WARNING - No consensus rating found for Unique ID DOSEESC_UM03_02.28.2018_13_37_27; set to None.
2025-04-22 13:53:53,186 - WARNING - No consensus rating found for Unique ID DOSEESC_UM03_02.05.2018_10_28_25; set to None.
2025-04-22 13:53:53,187 - WARNING - No consensus rating found for Unique ID DOSEESC_UM03_02.05.2018_18_30_27; set to None.
2025-04-22 13:53:53,188 - WARNING - No consensus rating found for Unique ID DOSEESC_JH02_06.18.2018_13_43_18; set to None.
2025-04-22 13:53:53,188 - WARNING - No consensus rating found for Unique ID DOSEESC_JH02_06.18.2018_17_32_18; set to None.
2025-04-22 13:53:53,189 - WARNING - No consensus rating found for Unique ID DOSEESC_UM03_02.28.2018_20_35_25; set to None.
2025-04-22 13:53:53,190 - WARNING - No consensus rating found for Unique ID DOSEESC_UM03_02.05.2018_11_28_23; set to None.
2025-04-22 13:53:53,191 - WARNING - No consensus rating found for Unique ID DOSEESC_UM03_02.05.2018_13_35_25; set to None.
2025-04-22 13:53:53,191 - WARNING - No consensus rating found for Unique ID DOSEESC_UM03_02.05.2018_9_33_24; set to None.
2025-04-22 13:53:53,192 - WARNING - No consensus rating found for Unique ID DOSEESC_UM03_02.28.2018_12_32_23; set to None.
2025-04-22 13:53:53,193 - WARNING - No consensus rating found for Unique ID DOSEESC_UM03_02.05.2018_13_34_18; set to None.
2025-04-22 13:53:53,194 - WARNING - No consensus rating found for Unique ID DOSEESC_UM03_02.28.2018_8_30_22; set to None.
2025-04-22 13:53:53,195 - WARNING - No consensus rating found for Unique ID DOSEESC_UM03_02.28.2018_8_32_22; set to None.
2025-04-22 13:53:53,196 - WARNING - No consensus rating found for Unique ID DOSEESC_UM03_02.05.2018_13_37_24; set to None.
2025-04-22 13:53:53,196 - WARNING - No consensus rating found for Unique ID DOSEESC_UM03_02.28.2018_19_32_28; set to None.
2025-04-22 13:53:53,197 - WARNING - No consensus rating found for Unique ID DOSEESC_UM03_02.05.2018_22_35_27; set to None.
2025-04-22 13:53:53,198 - WARNING - No consensus rating found for Unique ID DOSEESC_JH02_06.18.2018_12_30_19; set to None.
2025-04-22 13:53:53,199 - WARNING - No consensus rating found for Unique ID DOSEESC_UM03_02.05.2018_12_36_21; set to None.
2025-04-22 13:53:53,200 - WARNING - No consensus rating found for Unique ID DOSEESC_UM03_02.05.2018_21_30_29; set to None.
2025-04-22 13:53:53,201 - WARNING - No consensus rating found for Unique ID DOSEESC_UM03_02.05.2018_11_33_20; set to None.
2025-04-22 13:53:53,202 - WARNING - No consensus rating found for Unique ID DOSEESC_JH02_06.18.2018_10_28_22; set to None.
2025-04-22 13:53:53,203 - WARNING - No consensus rating found for Unique ID DOSEESC_UM03_02.28.2018_12_37_24; set to None.
2025-04-22 13:53:53,203 - WARNING - No consensus rating found for Unique ID DOSEESC_UM03_02.28.2018_19_34_27; set to None.
2025-04-22 13:53:53,204 - WARNING - No consensus rating found for Unique ID DOSEESC_JH02_05.22.2018_8_28_25; set to None.
2025-04-22 13:53:53,205 - WARNING - No consensus rating found for Unique ID DOSEESC_JH02_06.18.2018_14_35_17; set to None.
2025-04-22 13:53:53,206 - WARNING - No consensus rating found for Unique ID DOSEESC_UM03_02.28.2018_11_34_21; set to None.
2025-04-22 13:53:53,207 - WARNING - No consensus rating found for Unique ID DOSEESC_JH02_06.18.2018_11_36_18; set to None.
2025-04-22 13:53:53,208 - WARNING - No consensus rating found for Unique ID DOSEESC_UM03_02.28.2018_11_35_22; set to None.
2025-04-22 13:53:53,209 - WARNING - No consensus rating found for Unique ID DOSEESC_UM03_02.05.2018_17_36_24; set to None.
2025-04-22 13:53:53,209 - WARNING - No consensus rating found for Unique ID DOSEESC_UM03_02.05.2018_16_35_26; set to None.
2025-04-22 13:53:53,210 - WARNING - No consensus rating found for Unique ID DOSEESC_UM03_02.05.2018_13_38_24; set to None.
2025-04-22 13:53:53,211 - WARNING - No consensus rating found for Unique ID DOSEESC_UM03_02.28.2018_16_28_28; set to None.
2025-04-22 13:53:53,212 - WARNING - No consensus rating found for Unique ID DOSEESC_UM03_02.28.2018_14_27_28; set to None.
2025-04-22 13:53:53,213 - WARNING - No consensus rating found for Unique ID DOSEESC_UM03_02.05.2018_17_38_30; set to None.
2025-04-22 13:53:53,213 - WARNING - No consensus rating found for Unique ID DOSEESC_UM03_02.05.2018_10_31_22; set to None.
2025-04-22 13:53:53,214 - WARNING - No consensus rating found for Unique ID DOSEESC_UM03_02.28.2018_16_32_24; set to None.
2025-04-22 13:53:53,215 - WARNING - No consensus rating found for Unique ID DOSEESC_UM03_02.28.2018_15_35_31; set to None.
2025-04-22 13:53:53,216 - WARNING - No consensus rating found for Unique ID DOSEESC_JH02_06.18.2018_13_30_21; set to None.
2025-04-22 13:53:53,217 - WARNING - No consensus rating found for Unique ID DOSEESC_UM03_02.28.2018_16_38_22; set to None.
2025-04-22 13:53:53,218 - WARNING - No consensus rating found for Unique ID DOSEESC_UM03_02.28.2018_14_40_18; set to None.
2025-04-22 13:53:53,219 - WARNING - No consensus rating found for Unique ID DOSEESC_UM03_02.28.2018_10_32_22; set to None.
2025-04-22 13:53:53,220 - WARNING - No consensus rating found for Unique ID DOSEESC_UM03_02.28.2018_11_30_23; set to None.
2025-04-22 13:53:53,221 - WARNING - No consensus rating found for Unique ID DOSEESC_UM03_02.05.2018_17_32_28; set to None.
2025-04-22 13:53:53,222 - WARNING - No consensus rating found for Unique ID DOSEESC_JH02_06.18.2018_12_34_17; set to None.
2025-04-22 13:53:53,223 - WARNING - No consensus rating found for Unique ID DOSEESC_UM03_02.05.2018_13_38_28; set to None.
2025-04-22 13:53:53,224 - WARNING - No consensus rating found for Unique ID DOSEESC_JH02_06.18.2018_13_36_21; set to None.
2025-04-22 13:53:53,225 - WARNING - No consensus rating found for Unique ID DOSEESC_UM03_02.28.2018_15_40_27; set to None.
2025-04-22 13:53:53,226 - WARNING - No consensus rating found for Unique ID DOSEESC_UM03_02.28.2018_16_31_28; set to None.
2025-04-22 13:53:53,227 - WARNING - No consensus rating found for Unique ID DOSEESC_UM03_02.28.2018_12_33_22; set to None.
2025-04-22 13:53:53,228 - WARNING - No consensus rating found for Unique ID DOSEESC_JH02_06.18.2018_13_44_19; set to None.
2025-04-22 13:53:53,229 - WARNING - No consensus rating found for Unique ID DOSEESC_JH02_06.18.2018_13_39_20; set to None.
2025-04-22 13:53:53,229 - WARNING - No consensus rating found for Unique ID DOSEESC_UM03_02.05.2018_14_27_29; set to None.
2025-04-22 13:53:53,231 - WARNING - No consensus rating found for Unique ID DOSEESC_JH02_05.22.2018_10_34_19; set to None.
2025-04-22 13:53:53,232 - WARNING - No consensus rating found for Unique ID DOSEESC_UM03_02.28.2018_17_31_29; set to None.
2025-04-22 13:53:53,233 - WARNING - No consensus rating found for Unique ID DOSEESC_UM03_02.05.2018_20_31_27; set to None.
2025-04-22 13:53:53,234 - WARNING - No consensus rating found for Unique ID DOSEESC_UM03_02.05.2018_17_33_23; set to None.
2025-04-22 13:53:53,235 - WARNING - No consensus rating found for Unique ID DOSEESC_UM03_02.28.2018_9_30_21; set to None.
2025-04-22 13:53:53,235 - WARNING - No consensus rating found for Unique ID DOSEESC_UM03_02.28.2018_12_31_18; set to None.
2025-04-22 13:53:53,236 - WARNING - No consensus rating found for Unique ID DOSEESC_UM03_02.05.2018_13_31_31; set to None.
2025-04-22 13:53:53,237 - WARNING - No consensus rating found for Unique ID DOSEESC_UM03_02.28.2018_10_31_25; set to None.
2025-04-22 13:53:53,238 - WARNING - No consensus rating found for Unique ID DOSEESC_UM03_02.05.2018_14_28_31; set to None.
2025-04-22 13:53:53,239 - WARNING - No consensus rating found for Unique ID DOSEESC_UM03_02.28.2018_12_31_22; set to None.
2025-04-22 13:53:53,240 - WARNING - No consensus rating found for Unique ID DOSEESC_UM03_02.05.2018_10_28_21; set to None.
2025-04-22 13:53:53,242 - WARNING - No consensus rating found for Unique ID DOSEESC_UM03_02.28.2018_13_37_23; set to None.
2025-04-22 13:53:53,243 - WARNING - No consensus rating found for Unique ID DOSEESC_UM03_02.28.2018_12_30_20; set to None.
2025-04-22 13:53:53,244 - WARNING - No consensus rating found for Unique ID DOSEESC_UM03_02.28.2018_14_30_25; set to None.
2025-04-22 13:53:53,245 - WARNING - No consensus rating found for Unique ID DOSEESC_UM03_02.05.2018_17_31_29; set to None.
2025-04-22 13:53:53,245 - WARNING - No consensus rating found for Unique ID DOSEESC_UM03_02.28.2018_11_33_23; set to None.
2025-04-22 13:53:53,246 - WARNING - No consensus rating found for Unique ID DOSEESC_UM03_02.28.2018_21_34_26; set to None.
2025-04-22 13:53:53,248 - INFO - Spectral data updated with consensus ratings.
2025-04-22 13:53:53,251 - INFO - Displaying 10 random spectral entries for verification.
2025-04-22 13:53:53,253 - INFO - Unique ID: DOSEESC_EM13_03.20.2019_17_35_44
2025-04-22 13:53:53,254 - INFO - Spectral Data Consensus Rating: Acceptable
2025-04-22 13:53:53,255 - INFO - Aggregated CSV Row:
2025-04-22 13:53:53,257 - INFO -                        unique_id   rating_1   rating_2   rating_3  consensus                                           raters
DOSEESC_EM13_03.20.2019_17_35_44 Acceptable Acceptable Acceptable Acceptable ['Harish Poptani', 'Hui-Kuo Shu', 'Brian Soher']
2025-04-22 13:53:53,258 - INFO - --------------------------------------------------
2025-04-22 13:53:53,259 - INFO - Unique ID: rGBM_007_05_30_2023_05.30.2023_14_47_41
2025-04-22 13:53:53,266 - INFO - Spectral Data Consensus Rating: Unacceptable
2025-04-22 13:53:53,267 - INFO - Aggregated CSV Row:
2025-04-22 13:53:53,269 - INFO -                               unique_id     rating_1   rating_2 rating_3    consensus                             raters
rGBM_007_05_30_2023_05.30.2023_14_47_41 Unacceptable Acceptable      NaN Unacceptable ['Andrew Maudsley', 'Eric Mellon']
2025-04-22 13:53:53,270 - INFO - --------------------------------------------------
2025-04-22 13:53:53,272 - INFO - Unique ID: DOSEESC_UM09_06.20.2018_15_49_28
2025-04-22 13:53:53,273 - INFO - Spectral Data Consensus Rating: Acceptable
2025-04-22 13:53:53,274 - INFO - Aggregated CSV Row:
2025-04-22 13:53:53,276 - INFO -                        unique_id   rating_1   rating_2 rating_3  consensus                             raters
DOSEESC_UM09_06.20.2018_15_49_28 Acceptable Acceptable      NaN Acceptable ['Andrew Maudsley', 'Eric Mellon']
2025-04-22 13:53:53,277 - INFO - --------------------------------------------------
2025-04-22 13:53:53,278 - INFO - Unique ID: rGBM_001_02_27_2023_02.27.2023_24_35_39
2025-04-22 13:53:53,279 - INFO - Spectral Data Consensus Rating: Unacceptable
2025-04-22 13:53:53,280 - INFO - Aggregated CSV Row:
2025-04-22 13:53:53,282 - INFO -                               unique_id     rating_1     rating_2 rating_3    consensus                             raters
rGBM_001_02_27_2023_02.27.2023_24_35_39 Unacceptable Unacceptable      NaN Unacceptable ['Andrew Maudsley', 'Eric Mellon']
2025-04-22 13:53:53,282 - INFO - --------------------------------------------------
2025-04-22 13:53:53,284 - INFO - Unique ID: DOSEESC_JH07_09.20.2018_17_25_41
2025-04-22 13:53:53,285 - INFO - Spectral Data Consensus Rating: Acceptable
2025-04-22 13:53:53,285 - INFO - Aggregated CSV Row:
2025-04-22 13:53:53,287 - INFO -                        unique_id   rating_1   rating_2   rating_3  consensus                                                 raters
DOSEESC_JH07_09.20.2018_17_25_41 Acceptable Acceptable Acceptable Acceptable ['Sulaiman Sheriff', 'Hyunsuk Shim', 'Brent Weinberg']
2025-04-22 13:53:53,288 - INFO - --------------------------------------------------
2025-04-22 13:53:53,289 - INFO - Unique ID: wholeGBM_002_04_13_2023_04.13.2023_22_25_37
2025-04-22 13:53:53,290 - INFO - Spectral Data Consensus Rating: Acceptable
2025-04-22 13:53:53,291 - INFO - Aggregated CSV Row:
2025-04-22 13:53:53,293 - INFO -                                   unique_id   rating_1   rating_2 rating_3  consensus                             raters
wholeGBM_002_04_13_2023_04.13.2023_22_25_37 Acceptable Acceptable      NaN Acceptable ['Andrew Maudsley', 'Eric Mellon']
2025-04-22 13:53:53,294 - INFO - --------------------------------------------------
2025-04-22 13:53:53,296 - INFO - Unique ID: DOSEESC_JH10_12.28.2018_13_30_37
2025-04-22 13:53:53,297 - INFO - Spectral Data Consensus Rating: Acceptable
2025-04-22 13:53:53,298 - INFO - Aggregated CSV Row:
2025-04-22 13:53:53,300 - INFO -                        unique_id   rating_1   rating_2 rating_3  consensus                             raters
DOSEESC_JH10_12.28.2018_13_30_37 Acceptable Acceptable      NaN Acceptable ['Andrew Maudsley', 'Eric Mellon']
2025-04-22 13:53:53,301 - INFO - --------------------------------------------------
2025-04-22 13:53:53,302 - INFO - Unique ID: DOSEESC_EM05_02.23.2018_18_37_40
2025-04-22 13:53:53,303 - INFO - Spectral Data Consensus Rating: Unacceptable
2025-04-22 13:53:53,304 - INFO - Aggregated CSV Row:
2025-04-22 13:53:53,306 - INFO -                        unique_id     rating_1     rating_2 rating_3    consensus                             raters
DOSEESC_EM05_02.23.2018_18_37_40 Unacceptable Unacceptable      NaN Unacceptable ['Andrew Maudsley', 'Eric Mellon']
2025-04-22 13:53:53,310 - INFO - --------------------------------------------------
2025-04-22 13:53:53,312 - INFO - Unique ID: DOSEESC_EM03_12.12.2017_11_29_21
2025-04-22 13:53:53,313 - INFO - Spectral Data Consensus Rating: Acceptable
2025-04-22 13:53:53,314 - INFO - Aggregated CSV Row:
2025-04-22 13:53:53,316 - INFO -                        unique_id   rating_1   rating_2   rating_3  consensus                                                 raters
DOSEESC_EM03_12.12.2017_11_29_21 Acceptable Acceptable Acceptable Acceptable ['Sulaiman Sheriff', 'Hyunsuk Shim', 'Brent Weinberg']
2025-04-22 13:53:53,316 - INFO - --------------------------------------------------
2025-04-22 13:53:53,318 - INFO - Unique ID: DOSEESC_UM15_10.31.2018_18_46_26
2025-04-22 13:53:53,319 - INFO - Spectral Data Consensus Rating: Acceptable
2025-04-22 13:53:53,319 - INFO - Aggregated CSV Row:
2025-04-22 13:53:53,321 - INFO -                        unique_id   rating_1   rating_2   rating_3  consensus                                           raters
DOSEESC_UM15_10.31.2018_18_46_26 Acceptable Acceptable Acceptable Acceptable ['Harish Poptani', 'Hui-Kuo Shu', 'Brian Soher']
2025-04-22 13:53:53,322 - INFO - --------------------------------------------------
2025-04-22 13:53:54,801 - INFO - Updated spectral data saved to x:\ArtifactRemovalProject\data\ratings\aggregate_data\spectral_data_updated_with_consensus.pkl
