2025-04-23 16:40:04,879 - INFO - CSV files found: ['x:\\ArtifactRemovalProject\\data\\ratings\\individual_csv\\unique_ids_group_25_20250411_202222_raters_completed_Maudsley.csv', 'x:\\ArtifactRemovalProject\\data\\ratings\\individual_csv\\unique_ids_group_25_20250411_202222_raters_completed_Mellon.csv', 'x:\\ArtifactRemovalProject\\data\\ratings\\individual_csv\\unique_ids_group_25_20250411_202222_raters_completed_Poptani.csv', 'x:\\ArtifactRemovalProject\\data\\ratings\\individual_csv\\unique_ids_group_25_20250411_202222_raters_completed_Sheriff.csv', 'x:\\ArtifactRemovalProject\\data\\ratings\\individual_csv\\unique_ids_group_25_20250411_202222_raters_completed_Shim.csv', 'x:\\ArtifactRemovalProject\\data\\ratings\\individual_csv\\unique_ids_group_25_20250411_202222_raters_completed_Shu.csv', 'x:\\ArtifactRemovalProject\\data\\ratings\\individual_csv\\unique_ids_group_25_20250411_202222_raters_completed_Soher.csv', 'x:\\ArtifactRemovalProject\\data\\ratings\\individual_csv\\unique_ids_group_25_20250411_202222_raters_completed_Weinberg.csv']
2025-04-23 16:40:04,881 - INFO - Cleaning 'Poor Quality' labels in individual CSVs…
2025-04-23 16:40:04,953 - INFO - No 'Poor Quality' labels in x:\ArtifactRemovalProject\data\ratings\individual_csv\unique_ids_group_25_20250411_202222_raters_completed_Maudsley.csv
2025-04-23 16:40:04,993 - INFO - No 'Poor Quality' labels in x:\ArtifactRemovalProject\data\ratings\individual_csv\unique_ids_group_25_20250411_202222_raters_completed_Mellon.csv
2025-04-23 16:40:05,062 - INFO - No 'Poor Quality' labels in x:\ArtifactRemovalProject\data\ratings\individual_csv\unique_ids_group_25_20250411_202222_raters_completed_Poptani.csv
2025-04-23 16:40:05,081 - INFO - No 'Poor Quality' labels in x:\ArtifactRemovalProject\data\ratings\individual_csv\unique_ids_group_25_20250411_202222_raters_completed_Sheriff.csv
2025-04-23 16:40:05,104 - WARNING - 3 'Poor Quality' labels found in x:\ArtifactRemovalProject\data\ratings\individual_csv\unique_ids_group_25_20250411_202222_raters_completed_Shim.csv; recoding to 'Unacceptable'
2025-04-23 16:40:05,136 - INFO - Saved cleaned CSV: x:\ArtifactRemovalProject\data\ratings\individual_csv\unique_ids_group_25_20250411_202222_raters_completed_Shim.csv
2025-04-23 16:40:05,308 - INFO - No 'Poor Quality' labels in x:\ArtifactRemovalProject\data\ratings\individual_csv\unique_ids_group_25_20250411_202222_raters_completed_Shu.csv
2025-04-23 16:40:05,349 - INFO - No 'Poor Quality' labels in x:\ArtifactRemovalProject\data\ratings\individual_csv\unique_ids_group_25_20250411_202222_raters_completed_Soher.csv
2025-04-23 16:40:05,391 - INFO - No 'Poor Quality' labels in x:\ArtifactRemovalProject\data\ratings\individual_csv\unique_ids_group_25_20250411_202222_raters_completed_Weinberg.csv
2025-04-23 16:40:05,443 - INFO - Combined CSV file preview:
2025-04-23 16:40:05,446 - INFO - 
              name                         unique_id        rating              time completed  time taken
0  Andrew Maudsley   DOSEESC_EM01_10.16.2017_9_24_27  Unacceptable  2025-04-19T22:29:31.437760   29.766863
1  Andrew Maudsley  DOSEESC_EM12_01.25.2019_11_45_35    Acceptable  2025-04-19T22:29:41.097481    8.616255
2  Andrew Maudsley  DOSEESC_JH10_12.28.2018_22_33_37    Acceptable  2025-04-19T22:29:48.189469    6.050606
3  Andrew Maudsley   DOSEESC_EM08_11.02.2018_8_51_37  Unacceptable  2025-04-19T22:30:02.484220   13.182644
4  Andrew Maudsley  DOSEESC_UM18_01.23.2019_17_41_42    Acceptable  2025-04-19T22:30:10.451956    6.844780
2025-04-23 16:40:06,416 - INFO - Aggregated Ratings (first few rows):
2025-04-23 16:40:06,419 - INFO - 
                          unique_id      rating_1      rating_2      rating_3     consensus                                            raters
0  DOSEESC_EM01_09.20.2017_10_18_34    Acceptable    Acceptable    Acceptable    Acceptable        [Harish Poptani, Hui-Kuo Shu, Brian Soher]
1  DOSEESC_EM01_09.20.2017_10_21_33    Acceptable  Unacceptable    Acceptable    Acceptable        [Harish Poptani, Hui-Kuo Shu, Brian Soher]
2  DOSEESC_EM01_09.20.2017_10_23_23    Acceptable    Acceptable    Acceptable    Acceptable      [Andrew Maudsley, Eric Mellon, Hyunsuk Shim]
3  DOSEESC_EM01_09.20.2017_10_26_26  Unacceptable    Acceptable  Unacceptable  Unacceptable  [Sulaiman Sheriff, Hyunsuk Shim, Brent Weinberg]
4  DOSEESC_EM01_09.20.2017_10_31_23    Acceptable    Acceptable    Acceptable    Acceptable      [Andrew Maudsley, Eric Mellon, Hyunsuk Shim]
2025-04-23 16:40:06,420 - INFO - No 'Poor Quality' consensus labels found.
2025-04-23 16:40:06,480 - INFO - Aggregated spectral ratings saved to 'x:\ArtifactRemovalProject\data\ratings\aggregate_data\aggregated_spectral_ratings.csv'
2025-04-23 16:40:06,481 - INFO - Starting verification of aggregated ratings.
2025-04-23 16:40:12,037 - INFO - Verification succeeded: All aggregated ratings match the original CSV data.
2025-04-23 16:40:12,038 - INFO - Verification succeeded: All aggregated ratings match the individual CSV data.
2025-04-23 16:40:12,061 - INFO - Loading spectral data from pickle file: x:\ArtifactRemovalProject\data\processed\20250411_202222\unique_ids_group_25_20250411_202222_raters.pkl
2025-04-23 16:40:12,518 - INFO - Spectral data loaded successfully.
2025-04-23 16:40:12,520 - INFO - Loading aggregated CSV data from: x:\ArtifactRemovalProject\data\ratings\aggregate_data\aggregated_spectral_ratings.csv
2025-04-23 16:40:12,548 - INFO - Aggregated CSV loaded with 5257 rows.
2025-04-23 16:40:12,553 - INFO - Consensus mapping created successfully.
2025-04-23 16:40:12,554 - INFO - Updating spectral data with consensus ratings.
2025-04-23 16:40:12,555 - WARNING - No consensus rating found for Unique ID DOSEESC_UM03_02.05.2018_21_32_28; set to None.
2025-04-23 16:40:12,556 - WARNING - No consensus rating found for Unique ID DOSEESC_UM03_02.28.2018_15_33_28; set to None.
2025-04-23 16:40:12,557 - WARNING - No consensus rating found for Unique ID DOSEESC_JH02_06.18.2018_18_33_19; set to None.
2025-04-23 16:40:12,557 - WARNING - No consensus rating found for Unique ID DOSEESC_UM03_02.28.2018_14_30_29; set to None.
2025-04-23 16:40:12,558 - WARNING - No consensus rating found for Unique ID DOSEESC_UM03_02.05.2018_12_31_29; set to None.
2025-04-23 16:40:12,559 - WARNING - No consensus rating found for Unique ID DOSEESC_UM03_02.05.2018_22_34_26; set to None.
2025-04-23 16:40:12,559 - WARNING - No consensus rating found for Unique ID DOSEESC_UM03_02.05.2018_14_36_26; set to None.
2025-04-23 16:40:12,560 - WARNING - No consensus rating found for Unique ID DOSEESC_UM03_02.28.2018_13_34_25; set to None.
2025-04-23 16:40:12,561 - WARNING - No consensus rating found for Unique ID DOSEESC_UM03_02.05.2018_12_33_26; set to None.
2025-04-23 16:40:12,562 - WARNING - No consensus rating found for Unique ID DOSEESC_JH02_06.18.2018_10_36_16; set to None.
2025-04-23 16:40:12,562 - WARNING - No consensus rating found for Unique ID DOSEESC_UM03_02.05.2018_14_29_28; set to None.
2025-04-23 16:40:12,563 - WARNING - No consensus rating found for Unique ID DOSEESC_UM03_02.28.2018_20_32_27; set to None.
2025-04-23 16:40:12,564 - WARNING - No consensus rating found for Unique ID DOSEESC_UM03_02.28.2018_14_37_31; set to None.
2025-04-23 16:40:12,564 - WARNING - No consensus rating found for Unique ID DOSEESC_JH02_05.22.2018_9_31_19; set to None.
2025-04-23 16:40:12,565 - WARNING - No consensus rating found for Unique ID DOSEESC_UM03_02.05.2018_10_35_22; set to None.
2025-04-23 16:40:12,566 - WARNING - No consensus rating found for Unique ID DOSEESC_UM03_02.28.2018_10_34_21; set to None.
2025-04-23 16:40:12,567 - WARNING - No consensus rating found for Unique ID DOSEESC_UM03_02.28.2018_13_34_29; set to None.
2025-04-23 16:40:12,569 - WARNING - No consensus rating found for Unique ID DOSEESC_JH02_06.18.2018_10_37_18; set to None.
2025-04-23 16:40:12,570 - WARNING - No consensus rating found for Unique ID DOSEESC_UM03_02.05.2018_13_30_26; set to None.
2025-04-23 16:40:12,571 - WARNING - No consensus rating found for Unique ID DOSEESC_UM03_02.28.2018_12_39_24; set to None.
2025-04-23 16:40:12,572 - WARNING - No consensus rating found for Unique ID DOSEESC_UM03_02.05.2018_14_34_26; set to None.
2025-04-23 16:40:12,573 - WARNING - No consensus rating found for Unique ID DOSEESC_UM03_02.28.2018_12_42_22; set to None.
2025-04-23 16:40:12,574 - WARNING - No consensus rating found for Unique ID DOSEESC_UM03_02.28.2018_14_38_29; set to None.
2025-04-23 16:40:12,575 - WARNING - No consensus rating found for Unique ID DOSEESC_UM03_02.28.2018_14_33_25; set to None.
2025-04-23 16:40:12,576 - WARNING - No consensus rating found for Unique ID DOSEESC_UM03_02.05.2018_12_31_23; set to None.
2025-04-23 16:40:12,576 - WARNING - No consensus rating found for Unique ID DOSEESC_UM03_02.05.2018_17_34_30; set to None.
2025-04-23 16:40:12,577 - WARNING - No consensus rating found for Unique ID DOSEESC_UM03_02.05.2018_12_39_24; set to None.
2025-04-23 16:40:12,578 - WARNING - No consensus rating found for Unique ID DOSEESC_JH02_06.18.2018_12_44_19; set to None.
2025-04-23 16:40:12,580 - WARNING - No consensus rating found for Unique ID DOSEESC_JH02_06.18.2018_11_29_26; set to None.
2025-04-23 16:40:12,580 - WARNING - No consensus rating found for Unique ID DOSEESC_JH02_06.18.2018_10_29_26; set to None.
2025-04-23 16:40:12,581 - WARNING - No consensus rating found for Unique ID DOSEESC_UM03_02.28.2018_13_31_21; set to None.
2025-04-23 16:40:12,582 - WARNING - No consensus rating found for Unique ID DOSEESC_UM03_02.05.2018_16_30_31; set to None.
2025-04-23 16:40:12,583 - WARNING - No consensus rating found for Unique ID DOSEESC_UM03_02.05.2018_22_32_28; set to None.
2025-04-23 16:40:12,584 - WARNING - No consensus rating found for Unique ID DOSEESC_UM03_02.05.2018_10_33_24; set to None.
2025-04-23 16:40:12,585 - WARNING - No consensus rating found for Unique ID DOSEESC_UM03_02.05.2018_15_31_30; set to None.
2025-04-23 16:40:12,585 - WARNING - No consensus rating found for Unique ID DOSEESC_JH02_05.22.2018_11_38_21; set to None.
2025-04-23 16:40:12,586 - WARNING - No consensus rating found for Unique ID DOSEESC_UM03_02.05.2018_13_37_28; set to None.
2025-04-23 16:40:12,587 - WARNING - No consensus rating found for Unique ID DOSEESC_UM03_02.28.2018_15_36_29; set to None.
2025-04-23 16:40:12,588 - WARNING - No consensus rating found for Unique ID DOSEESC_UM03_02.28.2018_17_24_25; set to None.
2025-04-23 16:40:12,589 - WARNING - No consensus rating found for Unique ID DOSEESC_UM03_02.28.2018_14_29_29; set to None.
2025-04-23 16:40:12,590 - WARNING - No consensus rating found for Unique ID DOSEESC_JH02_06.18.2018_16_30_19; set to None.
2025-04-23 16:40:12,591 - WARNING - No consensus rating found for Unique ID DOSEESC_UM03_02.28.2018_15_39_31; set to None.
2025-04-23 16:40:12,592 - WARNING - No consensus rating found for Unique ID DOSEESC_UM03_02.05.2018_12_29_21; set to None.
2025-04-23 16:40:12,593 - WARNING - No consensus rating found for Unique ID DOSEESC_JH02_05.22.2018_12_34_20; set to None.
2025-04-23 16:40:12,593 - WARNING - No consensus rating found for Unique ID DOSEESC_UM03_02.05.2018_12_30_18; set to None.
2025-04-23 16:40:12,594 - WARNING - No consensus rating found for Unique ID DOSEESC_UM03_02.05.2018_15_31_26; set to None.
2025-04-23 16:40:12,595 - WARNING - No consensus rating found for Unique ID DOSEESC_JH02_06.18.2018_11_41_21; set to None.
2025-04-23 16:40:12,596 - WARNING - No consensus rating found for Unique ID DOSEESC_UM03_02.28.2018_14_35_19; set to None.
2025-04-23 16:40:12,597 - WARNING - No consensus rating found for Unique ID DOSEESC_UM03_02.28.2018_12_31_29; set to None.
2025-04-23 16:40:12,597 - WARNING - No consensus rating found for Unique ID DOSEESC_UM03_02.05.2018_14_32_31; set to None.
2025-04-23 16:40:12,598 - WARNING - No consensus rating found for Unique ID DOSEESC_UM03_02.05.2018_8_32_22; set to None.
2025-04-23 16:40:12,599 - WARNING - No consensus rating found for Unique ID DOSEESC_UM03_02.05.2018_13_38_20; set to None.
2025-04-23 16:40:12,599 - WARNING - No consensus rating found for Unique ID DOSEESC_JH02_06.18.2018_11_29_22; set to None.
2025-04-23 16:40:12,600 - WARNING - No consensus rating found for Unique ID DOSEESC_UM03_02.28.2018_14_37_19; set to None.
2025-04-23 16:40:12,601 - WARNING - No consensus rating found for Unique ID DOSEESC_UM03_02.28.2018_14_40_27; set to None.
2025-04-23 16:40:12,602 - WARNING - No consensus rating found for Unique ID DOSEESC_JH02_05.22.2018_10_29_22; set to None.
2025-04-23 16:40:12,603 - WARNING - No consensus rating found for Unique ID DOSEESC_UM03_02.05.2018_15_36_23; set to None.
2025-04-23 16:40:12,605 - WARNING - No consensus rating found for Unique ID DOSEESC_UM03_02.28.2018_12_33_18; set to None.
2025-04-23 16:40:12,606 - WARNING - No consensus rating found for Unique ID DOSEESC_UM03_02.28.2018_11_28_26; set to None.
2025-04-23 16:40:12,607 - WARNING - No consensus rating found for Unique ID DOSEESC_UM03_02.05.2018_13_40_23; set to None.
2025-04-23 16:40:12,607 - WARNING - No consensus rating found for Unique ID DOSEESC_UM03_02.05.2018_12_35_28; set to None.
2025-04-23 16:40:12,608 - WARNING - No consensus rating found for Unique ID DOSEESC_JH02_06.18.2018_11_37_19; set to None.
2025-04-23 16:40:12,609 - WARNING - No consensus rating found for Unique ID DOSEESC_UM03_02.28.2018_17_35_26; set to None.
2025-04-23 16:40:12,610 - WARNING - No consensus rating found for Unique ID DOSEESC_UM03_02.28.2018_16_34_28; set to None.
2025-04-23 16:40:12,611 - WARNING - No consensus rating found for Unique ID DOSEESC_JH02_06.18.2018_13_36_17; set to None.
2025-04-23 16:40:12,611 - WARNING - No consensus rating found for Unique ID DOSEESC_UM03_02.05.2018_10_30_21; set to None.
2025-04-23 16:40:12,612 - WARNING - No consensus rating found for Unique ID DOSEESC_JH02_06.18.2018_13_27_21; set to None.
2025-04-23 16:40:12,613 - WARNING - No consensus rating found for Unique ID DOSEESC_UM03_02.28.2018_14_36_25; set to None.
2025-04-23 16:40:12,614 - WARNING - No consensus rating found for Unique ID DOSEESC_UM03_02.28.2018_15_37_31; set to None.
2025-04-23 16:40:12,614 - WARNING - No consensus rating found for Unique ID DOSEESC_UM03_02.05.2018_13_36_25; set to None.
2025-04-23 16:40:12,615 - WARNING - No consensus rating found for Unique ID DOSEESC_UM03_02.28.2018_14_40_23; set to None.
2025-04-23 16:40:12,616 - WARNING - No consensus rating found for Unique ID DOSEESC_UM03_02.05.2018_15_38_26; set to None.
2025-04-23 16:40:12,617 - WARNING - No consensus rating found for Unique ID DOSEESC_JH02_06.18.2018_13_32_21; set to None.
2025-04-23 16:40:12,618 - WARNING - No consensus rating found for Unique ID DOSEESC_UM03_02.05.2018_13_35_29; set to None.
2025-04-23 16:40:12,619 - WARNING - No consensus rating found for Unique ID DOSEESC_JH02_06.18.2018_12_43_18; set to None.
2025-04-23 16:40:12,619 - WARNING - No consensus rating found for Unique ID DOSEESC_UM03_02.28.2018_18_35_27; set to None.
2025-04-23 16:40:12,620 - WARNING - No consensus rating found for Unique ID DOSEESC_JH02_06.18.2018_11_35_18; set to None.
2025-04-23 16:40:12,621 - WARNING - No consensus rating found for Unique ID DOSEESC_UM03_02.28.2018_15_36_25; set to None.
2025-04-23 16:40:12,622 - WARNING - No consensus rating found for Unique ID DOSEESC_JH02_06.18.2018_17_34_18; set to None.
2025-04-23 16:40:12,623 - WARNING - No consensus rating found for Unique ID DOSEESC_UM03_02.05.2018_19_33_26; set to None.
2025-04-23 16:40:12,623 - WARNING - No consensus rating found for Unique ID DOSEESC_UM03_02.05.2018_14_39_28; set to None.
2025-04-23 16:40:12,624 - WARNING - No consensus rating found for Unique ID DOSEESC_UM03_02.28.2018_13_32_29; set to None.
2025-04-23 16:40:12,625 - WARNING - No consensus rating found for Unique ID DOSEESC_JH02_06.18.2018_13_38_18; set to None.
2025-04-23 16:40:12,626 - WARNING - No consensus rating found for Unique ID DOSEESC_UM03_02.05.2018_16_35_30; set to None.
2025-04-23 16:40:12,627 - WARNING - No consensus rating found for Unique ID DOSEESC_UM03_02.28.2018_17_32_25; set to None.
2025-04-23 16:40:12,627 - WARNING - No consensus rating found for Unique ID DOSEESC_UM03_02.05.2018_15_39_30; set to None.
2025-04-23 16:40:12,628 - WARNING - No consensus rating found for Unique ID DOSEESC_UM03_02.28.2018_13_35_23; set to None.
2025-04-23 16:40:12,629 - WARNING - No consensus rating found for Unique ID DOSEESC_UM03_02.05.2018_15_27_25; set to None.
2025-04-23 16:40:12,630 - WARNING - No consensus rating found for Unique ID DOSEESC_UM03_02.05.2018_17_38_26; set to None.
2025-04-23 16:40:12,631 - WARNING - No consensus rating found for Unique ID DOSEESC_JH02_06.18.2018_16_35_20; set to None.
2025-04-23 16:40:12,632 - WARNING - No consensus rating found for Unique ID DOSEESC_JH02_06.18.2018_14_38_18; set to None.
2025-04-23 16:40:12,633 - WARNING - No consensus rating found for Unique ID DOSEESC_JH02_05.22.2018_8_31_19; set to None.
2025-04-23 16:40:12,634 - WARNING - No consensus rating found for Unique ID DOSEESC_JH02_06.18.2018_21_30_25; set to None.
2025-04-23 16:40:12,635 - WARNING - No consensus rating found for Unique ID DOSEESC_UM03_02.05.2018_15_34_30; set to None.
2025-04-23 16:40:12,636 - WARNING - No consensus rating found for Unique ID DOSEESC_JH02_06.18.2018_12_36_17; set to None.
2025-04-23 16:40:12,636 - WARNING - No consensus rating found for Unique ID DOSEESC_UM03_02.28.2018_13_29_29; set to None.
2025-04-23 16:40:12,637 - WARNING - No consensus rating found for Unique ID DOSEESC_UM03_02.05.2018_17_32_24; set to None.
2025-04-23 16:40:12,638 - WARNING - No consensus rating found for Unique ID DOSEESC_JH02_06.18.2018_11_33_24; set to None.
2025-04-23 16:40:12,639 - WARNING - No consensus rating found for Unique ID DOSEESC_UM03_02.28.2018_12_36_27; set to None.
2025-04-23 16:40:12,640 - WARNING - No consensus rating found for Unique ID DOSEESC_UM03_02.28.2018_15_32_24; set to None.
2025-04-23 16:40:12,641 - WARNING - No consensus rating found for Unique ID DOSEESC_UM03_02.05.2018_15_35_29; set to None.
2025-04-23 16:40:12,641 - WARNING - No consensus rating found for Unique ID DOSEESC_UM03_02.28.2018_21_34_31; set to None.
2025-04-23 16:40:12,642 - WARNING - No consensus rating found for Unique ID DOSEESC_JH02_05.22.2018_9_32_18; set to None.
2025-04-23 16:40:12,643 - WARNING - No consensus rating found for Unique ID DOSEESC_UM03_02.05.2018_13_28_28; set to None.
2025-04-23 16:40:12,644 - WARNING - No consensus rating found for Unique ID DOSEESC_JH02_06.18.2018_12_40_17; set to None.
2025-04-23 16:40:12,645 - WARNING - No consensus rating found for Unique ID DOSEESC_JH02_06.18.2018_15_33_20; set to None.
2025-04-23 16:40:12,645 - WARNING - No consensus rating found for Unique ID DOSEESC_UM03_02.05.2018_16_38_29; set to None.
2025-04-23 16:40:12,646 - WARNING - No consensus rating found for Unique ID DOSEESC_UM03_02.28.2018_15_40_23; set to None.
2025-04-23 16:40:12,647 - WARNING - No consensus rating found for Unique ID DOSEESC_UM03_02.28.2018_16_23_25; set to None.
2025-04-23 16:40:12,648 - WARNING - No consensus rating found for Unique ID DOSEESC_UM03_02.05.2018_17_39_26; set to None.
2025-04-23 16:40:12,649 - WARNING - No consensus rating found for Unique ID DOSEESC_UM03_02.28.2018_18_35_31; set to None.
2025-04-23 16:40:12,650 - WARNING - No consensus rating found for Unique ID DOSEESC_UM03_02.05.2018_14_40_18; set to None.
2025-04-23 16:40:12,651 - WARNING - No consensus rating found for Unique ID DOSEESC_JH02_06.18.2018_19_38_20; set to None.
2025-04-23 16:40:12,652 - WARNING - No consensus rating found for Unique ID DOSEESC_JH02_05.22.2018_10_38_20; set to None.
2025-04-23 16:40:12,652 - WARNING - No consensus rating found for Unique ID DOSEESC_UM03_02.05.2018_14_36_30; set to None.
2025-04-23 16:40:12,653 - WARNING - No consensus rating found for Unique ID DOSEESC_JH02_05.22.2018_9_33_21; set to None.
2025-04-23 16:40:12,654 - WARNING - No consensus rating found for Unique ID DOSEESC_JH02_05.22.2018_9_32_22; set to None.
2025-04-23 16:40:12,655 - WARNING - No consensus rating found for Unique ID DOSEESC_JH02_05.22.2018_10_35_18; set to None.
2025-04-23 16:40:12,656 - WARNING - No consensus rating found for Unique ID DOSEESC_UM03_02.28.2018_12_33_26; set to None.
2025-04-23 16:40:12,656 - WARNING - No consensus rating found for Unique ID DOSEESC_UM03_02.05.2018_19_31_28; set to None.
2025-04-23 16:40:12,657 - WARNING - No consensus rating found for Unique ID DOSEESC_UM03_02.28.2018_16_32_28; set to None.
2025-04-23 16:40:12,658 - WARNING - No consensus rating found for Unique ID DOSEESC_UM03_02.05.2018_11_31_24; set to None.
2025-04-23 16:40:12,659 - WARNING - No consensus rating found for Unique ID DOSEESC_UM03_02.28.2018_15_32_28; set to None.
2025-04-23 16:40:12,660 - WARNING - No consensus rating found for Unique ID DOSEESC_UM03_02.28.2018_15_29_24; set to None.
2025-04-23 16:40:12,660 - WARNING - No consensus rating found for Unique ID DOSEESC_JH02_06.18.2018_14_34_18; set to None.
2025-04-23 16:40:12,661 - WARNING - No consensus rating found for Unique ID DOSEESC_UM03_02.28.2018_13_35_27; set to None.
2025-04-23 16:40:12,662 - WARNING - No consensus rating found for Unique ID DOSEESC_UM03_02.28.2018_12_35_30; set to None.
2025-04-23 16:40:12,663 - WARNING - No consensus rating found for Unique ID DOSEESC_UM03_02.05.2018_14_31_28; set to None.
2025-04-23 16:40:12,664 - WARNING - No consensus rating found for Unique ID DOSEESC_UM03_02.05.2018_13_35_19; set to None.
2025-04-23 16:40:12,665 - WARNING - No consensus rating found for Unique ID DOSEESC_UM03_02.28.2018_10_31_21; set to None.
2025-04-23 16:40:12,666 - WARNING - No consensus rating found for Unique ID DOSEESC_UM03_02.05.2018_15_41_26; set to None.
2025-04-23 16:40:12,666 - WARNING - No consensus rating found for Unique ID DOSEESC_UM03_02.05.2018_15_38_30; set to None.
2025-04-23 16:40:12,667 - WARNING - No consensus rating found for Unique ID DOSEESC_UM03_02.05.2018_12_37_30; set to None.
2025-04-23 16:40:12,668 - WARNING - No consensus rating found for Unique ID DOSEESC_UM03_02.05.2018_12_32_27; set to None.
2025-04-23 16:40:12,669 - WARNING - No consensus rating found for Unique ID DOSEESC_UM03_02.28.2018_14_35_29; set to None.
2025-04-23 16:40:12,669 - WARNING - No consensus rating found for Unique ID DOSEESC_UM03_02.05.2018_22_30_28; set to None.
2025-04-23 16:40:12,670 - WARNING - No consensus rating found for Unique ID DOSEESC_UM03_02.28.2018_12_38_21; set to None.
2025-04-23 16:40:12,671 - WARNING - No consensus rating found for Unique ID DOSEESC_JH02_05.22.2018_9_27_22; set to None.
2025-04-23 16:40:12,673 - WARNING - No consensus rating found for Unique ID DOSEESC_UM03_02.28.2018_13_37_27; set to None.
2025-04-23 16:40:12,674 - WARNING - No consensus rating found for Unique ID DOSEESC_UM03_02.05.2018_10_28_25; set to None.
2025-04-23 16:40:12,674 - WARNING - No consensus rating found for Unique ID DOSEESC_UM03_02.05.2018_18_30_27; set to None.
2025-04-23 16:40:12,675 - WARNING - No consensus rating found for Unique ID DOSEESC_JH02_06.18.2018_13_43_18; set to None.
2025-04-23 16:40:12,676 - WARNING - No consensus rating found for Unique ID DOSEESC_JH02_06.18.2018_17_32_18; set to None.
2025-04-23 16:40:12,677 - WARNING - No consensus rating found for Unique ID DOSEESC_UM03_02.28.2018_20_35_25; set to None.
2025-04-23 16:40:12,678 - WARNING - No consensus rating found for Unique ID DOSEESC_UM03_02.05.2018_11_28_23; set to None.
2025-04-23 16:40:12,679 - WARNING - No consensus rating found for Unique ID DOSEESC_UM03_02.05.2018_13_35_25; set to None.
2025-04-23 16:40:12,679 - WARNING - No consensus rating found for Unique ID DOSEESC_UM03_02.05.2018_9_33_24; set to None.
2025-04-23 16:40:12,680 - WARNING - No consensus rating found for Unique ID DOSEESC_UM03_02.28.2018_12_32_23; set to None.
2025-04-23 16:40:12,681 - WARNING - No consensus rating found for Unique ID DOSEESC_UM03_02.05.2018_13_34_18; set to None.
2025-04-23 16:40:12,682 - WARNING - No consensus rating found for Unique ID DOSEESC_UM03_02.28.2018_8_30_22; set to None.
2025-04-23 16:40:12,683 - WARNING - No consensus rating found for Unique ID DOSEESC_UM03_02.28.2018_8_32_22; set to None.
2025-04-23 16:40:12,683 - WARNING - No consensus rating found for Unique ID DOSEESC_UM03_02.05.2018_13_37_24; set to None.
2025-04-23 16:40:12,684 - WARNING - No consensus rating found for Unique ID DOSEESC_UM03_02.28.2018_19_32_28; set to None.
2025-04-23 16:40:12,685 - WARNING - No consensus rating found for Unique ID DOSEESC_UM03_02.05.2018_22_35_27; set to None.
2025-04-23 16:40:12,685 - WARNING - No consensus rating found for Unique ID DOSEESC_JH02_06.18.2018_12_30_19; set to None.
2025-04-23 16:40:12,686 - WARNING - No consensus rating found for Unique ID DOSEESC_UM03_02.05.2018_12_36_21; set to None.
2025-04-23 16:40:12,687 - WARNING - No consensus rating found for Unique ID DOSEESC_UM03_02.05.2018_21_30_29; set to None.
2025-04-23 16:40:12,688 - WARNING - No consensus rating found for Unique ID DOSEESC_UM03_02.05.2018_11_33_20; set to None.
2025-04-23 16:40:12,689 - WARNING - No consensus rating found for Unique ID DOSEESC_JH02_06.18.2018_10_28_22; set to None.
2025-04-23 16:40:12,690 - WARNING - No consensus rating found for Unique ID DOSEESC_UM03_02.28.2018_12_37_24; set to None.
2025-04-23 16:40:12,691 - WARNING - No consensus rating found for Unique ID DOSEESC_UM03_02.28.2018_19_34_27; set to None.
2025-04-23 16:40:12,692 - WARNING - No consensus rating found for Unique ID DOSEESC_JH02_05.22.2018_8_28_25; set to None.
2025-04-23 16:40:12,693 - WARNING - No consensus rating found for Unique ID DOSEESC_JH02_06.18.2018_14_35_17; set to None.
2025-04-23 16:40:12,693 - WARNING - No consensus rating found for Unique ID DOSEESC_UM03_02.28.2018_11_34_21; set to None.
2025-04-23 16:40:12,694 - WARNING - No consensus rating found for Unique ID DOSEESC_JH02_06.18.2018_11_36_18; set to None.
2025-04-23 16:40:12,695 - WARNING - No consensus rating found for Unique ID DOSEESC_UM03_02.28.2018_11_35_22; set to None.
2025-04-23 16:40:12,696 - WARNING - No consensus rating found for Unique ID DOSEESC_UM03_02.05.2018_17_36_24; set to None.
2025-04-23 16:40:12,697 - WARNING - No consensus rating found for Unique ID DOSEESC_UM03_02.05.2018_16_35_26; set to None.
2025-04-23 16:40:12,698 - WARNING - No consensus rating found for Unique ID DOSEESC_UM03_02.05.2018_13_38_24; set to None.
2025-04-23 16:40:12,699 - WARNING - No consensus rating found for Unique ID DOSEESC_UM03_02.28.2018_16_28_28; set to None.
2025-04-23 16:40:12,699 - WARNING - No consensus rating found for Unique ID DOSEESC_UM03_02.28.2018_14_27_28; set to None.
2025-04-23 16:40:12,700 - WARNING - No consensus rating found for Unique ID DOSEESC_UM03_02.05.2018_17_38_30; set to None.
2025-04-23 16:40:12,701 - WARNING - No consensus rating found for Unique ID DOSEESC_UM03_02.05.2018_10_31_22; set to None.
2025-04-23 16:40:12,702 - WARNING - No consensus rating found for Unique ID DOSEESC_UM03_02.28.2018_16_32_24; set to None.
2025-04-23 16:40:12,702 - WARNING - No consensus rating found for Unique ID DOSEESC_UM03_02.28.2018_15_35_31; set to None.
2025-04-23 16:40:12,703 - WARNING - No consensus rating found for Unique ID DOSEESC_JH02_06.18.2018_13_30_21; set to None.
2025-04-23 16:40:12,704 - WARNING - No consensus rating found for Unique ID DOSEESC_UM03_02.28.2018_16_38_22; set to None.
2025-04-23 16:40:12,705 - WARNING - No consensus rating found for Unique ID DOSEESC_UM03_02.28.2018_14_40_18; set to None.
2025-04-23 16:40:12,706 - WARNING - No consensus rating found for Unique ID DOSEESC_UM03_02.28.2018_10_32_22; set to None.
2025-04-23 16:40:12,706 - WARNING - No consensus rating found for Unique ID DOSEESC_UM03_02.28.2018_11_30_23; set to None.
2025-04-23 16:40:12,707 - WARNING - No consensus rating found for Unique ID DOSEESC_UM03_02.05.2018_17_32_28; set to None.
2025-04-23 16:40:12,708 - WARNING - No consensus rating found for Unique ID DOSEESC_JH02_06.18.2018_12_34_17; set to None.
2025-04-23 16:40:12,709 - WARNING - No consensus rating found for Unique ID DOSEESC_UM03_02.05.2018_13_38_28; set to None.
2025-04-23 16:40:12,709 - WARNING - No consensus rating found for Unique ID DOSEESC_JH02_06.18.2018_13_36_21; set to None.
2025-04-23 16:40:12,710 - WARNING - No consensus rating found for Unique ID DOSEESC_UM03_02.28.2018_15_40_27; set to None.
2025-04-23 16:40:12,711 - WARNING - No consensus rating found for Unique ID DOSEESC_UM03_02.28.2018_16_31_28; set to None.
2025-04-23 16:40:12,712 - WARNING - No consensus rating found for Unique ID DOSEESC_UM03_02.28.2018_12_33_22; set to None.
2025-04-23 16:40:12,713 - WARNING - No consensus rating found for Unique ID DOSEESC_JH02_06.18.2018_13_44_19; set to None.
2025-04-23 16:40:12,714 - WARNING - No consensus rating found for Unique ID DOSEESC_JH02_06.18.2018_13_39_20; set to None.
2025-04-23 16:40:12,714 - WARNING - No consensus rating found for Unique ID DOSEESC_UM03_02.05.2018_14_27_29; set to None.
2025-04-23 16:40:12,715 - WARNING - No consensus rating found for Unique ID DOSEESC_JH02_05.22.2018_10_34_19; set to None.
2025-04-23 16:40:12,716 - WARNING - No consensus rating found for Unique ID DOSEESC_UM03_02.28.2018_17_31_29; set to None.
2025-04-23 16:40:12,717 - WARNING - No consensus rating found for Unique ID DOSEESC_UM03_02.05.2018_20_31_27; set to None.
2025-04-23 16:40:12,718 - WARNING - No consensus rating found for Unique ID DOSEESC_UM03_02.05.2018_17_33_23; set to None.
2025-04-23 16:40:12,720 - WARNING - No consensus rating found for Unique ID DOSEESC_UM03_02.28.2018_9_30_21; set to None.
2025-04-23 16:40:12,720 - WARNING - No consensus rating found for Unique ID DOSEESC_UM03_02.28.2018_12_31_18; set to None.
2025-04-23 16:40:12,722 - WARNING - No consensus rating found for Unique ID DOSEESC_UM03_02.05.2018_13_31_31; set to None.
2025-04-23 16:40:12,723 - WARNING - No consensus rating found for Unique ID DOSEESC_UM03_02.28.2018_10_31_25; set to None.
2025-04-23 16:40:12,724 - WARNING - No consensus rating found for Unique ID DOSEESC_UM03_02.05.2018_14_28_31; set to None.
2025-04-23 16:40:12,725 - WARNING - No consensus rating found for Unique ID DOSEESC_UM03_02.28.2018_12_31_22; set to None.
2025-04-23 16:40:12,726 - WARNING - No consensus rating found for Unique ID DOSEESC_UM03_02.05.2018_10_28_21; set to None.
2025-04-23 16:40:12,727 - WARNING - No consensus rating found for Unique ID DOSEESC_UM03_02.28.2018_13_37_23; set to None.
2025-04-23 16:40:12,728 - WARNING - No consensus rating found for Unique ID DOSEESC_UM03_02.28.2018_12_30_20; set to None.
2025-04-23 16:40:12,728 - WARNING - No consensus rating found for Unique ID DOSEESC_UM03_02.28.2018_14_30_25; set to None.
2025-04-23 16:40:12,729 - WARNING - No consensus rating found for Unique ID DOSEESC_UM03_02.05.2018_17_31_29; set to None.
2025-04-23 16:40:12,730 - WARNING - No consensus rating found for Unique ID DOSEESC_UM03_02.28.2018_11_33_23; set to None.
2025-04-23 16:40:12,731 - WARNING - No consensus rating found for Unique ID DOSEESC_UM03_02.28.2018_21_34_26; set to None.
2025-04-23 16:40:12,732 - INFO - Spectral data updated with consensus ratings.
2025-04-23 16:40:12,735 - INFO - Displaying 10 random spectral entries for verification.
2025-04-23 16:40:12,737 - INFO - Unique ID: DOSEESC_UM08_07.11.2018_14_48_36
2025-04-23 16:40:12,738 - INFO - Spectral Data Consensus Rating: Acceptable
2025-04-23 16:40:12,739 - INFO - Aggregated CSV Row:
2025-04-23 16:40:12,741 - INFO -                        unique_id   rating_1   rating_2   rating_3  consensus                                           raters
DOSEESC_UM08_07.11.2018_14_48_36 Acceptable Acceptable Acceptable Acceptable ['Harish Poptani', 'Hui-Kuo Shu', 'Brian Soher']
2025-04-23 16:40:12,742 - INFO - --------------------------------------------------
2025-04-23 16:40:12,744 - INFO - Unique ID: DOSEESC_EM12_03.07.2019_12_36_40
2025-04-23 16:40:12,744 - INFO - Spectral Data Consensus Rating: Unacceptable
2025-04-23 16:40:12,745 - INFO - Aggregated CSV Row:
2025-04-23 16:40:12,748 - INFO -                        unique_id     rating_1     rating_2     rating_3    consensus                                             raters
DOSEESC_EM12_03.07.2019_12_36_40 Unacceptable Unacceptable Unacceptable Unacceptable ['Andrew Maudsley', 'Eric Mellon', 'Hyunsuk Shim']
2025-04-23 16:40:12,749 - INFO - --------------------------------------------------
2025-04-23 16:40:12,751 - INFO - Unique ID: DOSEESC_JH10_12.05.2018_18_32_44
2025-04-23 16:40:12,752 - INFO - Spectral Data Consensus Rating: Acceptable
2025-04-23 16:40:12,753 - INFO - Aggregated CSV Row:
2025-04-23 16:40:12,756 - INFO -                        unique_id     rating_1   rating_2   rating_3  consensus                                             raters
DOSEESC_JH10_12.05.2018_18_32_44 Unacceptable Acceptable Acceptable Acceptable ['Andrew Maudsley', 'Eric Mellon', 'Hyunsuk Shim']
2025-04-23 16:40:12,756 - INFO - --------------------------------------------------
2025-04-23 16:40:12,758 - INFO - Unique ID: DOSEESC_EM01_10.16.2017_14_33_19
2025-04-23 16:40:12,759 - INFO - Spectral Data Consensus Rating: Unacceptable
2025-04-23 16:40:12,760 - INFO - Aggregated CSV Row:
2025-04-23 16:40:12,762 - INFO -                        unique_id     rating_1     rating_2     rating_3    consensus                                           raters
DOSEESC_EM01_10.16.2017_14_33_19 Unacceptable Unacceptable Unacceptable Unacceptable ['Harish Poptani', 'Hui-Kuo Shu', 'Brian Soher']
2025-04-23 16:40:12,762 - INFO - --------------------------------------------------
2025-04-23 16:40:12,764 - INFO - Unique ID: DOSEESC_EM04_02.07.2018_13_31_18
2025-04-23 16:40:12,764 - INFO - Spectral Data Consensus Rating: Acceptable
2025-04-23 16:40:12,765 - INFO - Aggregated CSV Row:
2025-04-23 16:40:12,768 - INFO -                        unique_id   rating_1   rating_2   rating_3  consensus                                                 raters
DOSEESC_EM04_02.07.2018_13_31_18 Acceptable Acceptable Acceptable Acceptable ['Sulaiman Sheriff', 'Hyunsuk Shim', 'Brent Weinberg']
2025-04-23 16:40:12,768 - INFO - --------------------------------------------------
2025-04-23 16:40:12,770 - INFO - Unique ID: DOSEESC_EM15_06.11.2019_16_36_45
2025-04-23 16:40:12,771 - INFO - Spectral Data Consensus Rating: Acceptable
2025-04-23 16:40:12,772 - INFO - Aggregated CSV Row:
2025-04-23 16:40:12,774 - INFO -                        unique_id   rating_1   rating_2   rating_3  consensus                                             raters
DOSEESC_EM15_06.11.2019_16_36_45 Acceptable Acceptable Acceptable Acceptable ['Andrew Maudsley', 'Eric Mellon', 'Hyunsuk Shim']
2025-04-23 16:40:12,775 - INFO - --------------------------------------------------
2025-04-23 16:40:12,777 - INFO - Unique ID: rGBM_006_08_01_2023_08.01.2023_21_36_26
2025-04-23 16:40:12,777 - INFO - Spectral Data Consensus Rating: Acceptable
2025-04-23 16:40:12,778 - INFO - Aggregated CSV Row:
2025-04-23 16:40:12,780 - INFO -                               unique_id   rating_1   rating_2   rating_3  consensus                                                 raters
rGBM_006_08_01_2023_08.01.2023_21_36_26 Acceptable Acceptable Acceptable Acceptable ['Sulaiman Sheriff', 'Hyunsuk Shim', 'Brent Weinberg']
2025-04-23 16:40:12,781 - INFO - --------------------------------------------------
2025-04-23 16:40:12,782 - INFO - Unique ID: DOSEESC_EM11_01.03.2019_21_31_35
2025-04-23 16:40:12,783 - INFO - Spectral Data Consensus Rating: Acceptable
2025-04-23 16:40:12,784 - INFO - Aggregated CSV Row:
2025-04-23 16:40:12,786 - INFO -                        unique_id   rating_1   rating_2   rating_3  consensus                                           raters
DOSEESC_EM11_01.03.2019_21_31_35 Acceptable Acceptable Acceptable Acceptable ['Harish Poptani', 'Hui-Kuo Shu', 'Brian Soher']
2025-04-23 16:40:12,786 - INFO - --------------------------------------------------
2025-04-23 16:40:12,788 - INFO - Unique ID: DOSEESC_UM04_03.28.2018_21_25_25
2025-04-23 16:40:12,789 - INFO - Spectral Data Consensus Rating: Acceptable
2025-04-23 16:40:12,790 - INFO - Aggregated CSV Row:
2025-04-23 16:40:12,791 - INFO -                        unique_id   rating_1   rating_2   rating_3  consensus                                           raters
DOSEESC_UM04_03.28.2018_21_25_25 Acceptable Acceptable Acceptable Acceptable ['Harish Poptani', 'Hui-Kuo Shu', 'Brian Soher']
2025-04-23 16:40:12,792 - INFO - --------------------------------------------------
2025-04-23 16:40:12,793 - INFO - Unique ID: DOSEESC_UM16_11.14.2018_15_37_32
2025-04-23 16:40:12,794 - INFO - Spectral Data Consensus Rating: Acceptable
2025-04-23 16:40:12,795 - INFO - Aggregated CSV Row:
2025-04-23 16:40:12,797 - INFO -                        unique_id   rating_1   rating_2   rating_3  consensus                                                 raters
DOSEESC_UM16_11.14.2018_15_37_32 Acceptable Acceptable Acceptable Acceptable ['Sulaiman Sheriff', 'Hyunsuk Shim', 'Brent Weinberg']
2025-04-23 16:40:12,798 - INFO - --------------------------------------------------
2025-04-23 16:40:12,809 - INFO - Reserved 942 / 5464 entries (17.2%) for the test set.
2025-04-23 16:40:15,943 - INFO - Train/test pickles written successfully
